INFO:Sampler:Parallelizing the sampling on 16 cores.
INFO:History:Start <ABCSMC(id=1, start_time=2020-07-19 23:54:52.354813, end_time=None)>
INFO:ABC:t: 0, eps: 60.ABC SMC
Performance studyTarget data
{0: 0.0, 1: 0.0, 2: 1.0, 3: 1.0, 4: nan, 5: nan, 6: 1.8725, 7: 0.96225, 8: 1.85, 9: 0.33333334, 10: nan, 11: nan, 12: 10.708333, 13: 1.08, 14: 4.01255, 15: 1.0565, 16: 26.52, 17: 3.275862, 18: nan, 19: nan, 20: 22.333334, 21: 4.8333335, 22: 29.17, 23: 13.88, 24: 16.6, 25: 12.652174, 26: 7.365, 27: 8.6005, 28: nan, 29: nan, 30: 5.985, 31: 7.4845, 32: 6.8076925, 33: 18.766666, 34: 8.76, 35: 3.060075, 36: 5.851852, 37: 19.565218, 38: 1.076415, 39: 6.56325, 40: 0.5555556, 41: 14.275862, 42: 0.764, 43: 5.7875, 44: 0.3448276, 45: 8.653846, 46: nan, 47: nan}
 NO factors applied
loguniform
<pyabc.acceptor.acceptor.UniformAcceptor object at 0x1525cb35ae50>
2 <pyabc.distance.distance.PNormDistance object at 0x1525cb3cdb50>
<pyabc.epsilon.epsilon.MedianEpsilon object at 0x1525cb35e550>
[<SimpleModel ode_model5>]
2000 <pyabc.populationstrategy.ConstantPopulationSize object at 0x1525cb35a290>
16 <pyabc.sampler.multicore_evaluation_parallel.MulticoreEvalParallelSampler object at 0x1525cb35e210>
[MultivariateNormalTransition()]sqlite:///dbfiles/model5_16_more.dbGenerations: 20
Minimum eps: 20.000
INFO:ABC:Acceptance rate: 2000 / 53803 = 3.7173e-02, ESS=2.0000e+03.
INFO:ABC:t: 1, eps: 57.76411100983008.
INFO:ABC:Acceptance rate: 2000 / 29393 = 6.8043e-02, ESS=1.7513e+00.
INFO:ABC:t: 2, eps: 51.692912524420244.
INFO:ABC:Acceptance rate: 2000 / 196839 = 1.0161e-02, ESS=2.7563e+00.
INFO:ABC:t: 3, eps: 49.419696226382385.INFO:ABC:Acceptance rate: 2000 / 10750 = 1.8605e-01, ESS=2.8347e+00.
INFO:ABC:t: 4, eps: 44.629579323684275.
INFO:ABC:Acceptance rate: 2000 / 29348 = 6.8148e-02, ESS=3.2078e+00.
INFO:ABC:t: 5, eps: 41.5032378450461.
/lustre/home/d171/s1898201/miniconda3/lib/python3.7/site-packages/pyabc/distance/distance.py:102: RuntimeWarning: overflow encountered in double_scalars
  for key in w),
INFO:ABC:Acceptance rate: 2000 / 24261 = 8.2437e-02, ESS=2.3998e+00.
INFO:ABC:t: 6, eps: 39.335817992338505.
INFO:ABC:Acceptance rate: 2000 / 34049 = 5.8739e-02, ESS=1.0097e+00.
INFO:ABC:t: 7, eps: 35.750833624054785.INFO:ABC:Acceptance rate: 2000 / 12187 = 1.6411e-01, ESS=6.8694e+00.
INFO:ABC:t: 8, eps: 35.018227255783415.
INFO:ABC:Acceptance rate: 2000 / 9494 = 2.1066e-01, ESS=2.7747e+00.
INFO:ABC:t: 9, eps: 34.87368098873743.INFO:ABC:Acceptance rate: 2000 / 8386 = 2.3849e-01, ESS=1.2949e+01.
INFO:ABC:t: 10, eps: 33.71084766126965.
INFO:ABC:Acceptance rate: 2000 / 6872 = 2.9104e-01, ESS=4.1108e+00.
INFO:ABC:t: 11, eps: 31.05724686773518.
INFO:ABC:Acceptance rate: 2000 / 19365 = 1.0328e-01, ESS=2.6628e+00.
INFO:ABC:t: 12, eps: 30.361033128350645.INFO:ABC:Acceptance rate: 2000 / 13716 = 1.4582e-01, ESS=7.3934e+00.
INFO:ABC:t: 13, eps: 29.05405255477915.
INFO:ABC:Acceptance rate: 2000 / 12620 = 1.5848e-01, ESS=1.9093e+00.
INFO:ABC:t: 14, eps: 27.880138358973277.INFO:ABC:Acceptance rate: 2000 / 9155 = 2.1846e-01, ESS=1.1723e+00.
INFO:ABC:t: 15, eps: 26.24892144932855.
INFO:ABC:Acceptance rate: 2000 / 5156 = 3.8790e-01, ESS=2.6489e+00.
INFO:ABC:t: 16, eps: 25.75208647724373.
INFO:ABC:Acceptance rate: 2000 / 3569 = 5.6038e-01, ESS=4.2615e+00.
INFO:ABC:t: 17, eps: 25.022691400610228.INFO:ABC:Acceptance rate: 2000 / 5119 = 3.9070e-01, ESS=5.0806e+00.
INFO:ABC:t: 18, eps: 24.727265777250185.INFO:ABC:Acceptance rate: 2000 / 4616 = 4.3328e-01, ESS=2.2076e+00.
INFO:ABC:t: 19, eps: 24.43922890658722.
INFO:ABC:Acceptance rate: 2000 / 2739 = 7.3019e-01, ESS=1.4842e+00.
INFO:History:Done <ABCSMC(id=1, start_time=2020-07-19 23:54:52.354813, end_time=2020-07-20 01:02:19.471821)>
INFO:Sampler:Parallelizing the sampling on 16 cores.
INFO:History:Start <ABCSMC(id=2, start_time=2020-07-20 01:02:36.630497, end_time=None)>
INFO:ABC:t: 0, eps: 60.ABC SMC
Performance studyTarget data
{0: 0.0, 1: 0.0, 2: 1.0, 3: 1.0, 4: nan, 5: nan, 6: 1.8725, 7: 0.96225, 8: 1.85, 9: 0.33333334, 10: nan, 11: nan, 12: 10.708333, 13: 1.08, 14: 4.01255, 15: 1.0565, 16: 26.52, 17: 3.275862, 18: nan, 19: nan, 20: 22.333334, 21: 4.8333335, 22: 29.17, 23: 13.88, 24: 16.6, 25: 12.652174, 26: 7.365, 27: 8.6005, 28: nan, 29: nan, 30: 5.985, 31: 7.4845, 32: 6.8076925, 33: 18.766666, 34: 8.76, 35: 3.060075, 36: 5.851852, 37: 19.565218, 38: 1.076415, 39: 6.56325, 40: 0.5555556, 41: 14.275862, 42: 0.764, 43: 5.7875, 44: 0.3448276, 45: 8.653846, 46: nan, 47: nan}
 NO factors applied
loguniform
<pyabc.acceptor.acceptor.UniformAcceptor object at 0x148ab09b3f50>
2 <pyabc.distance.distance.PNormDistance object at 0x148ab09a04d0>
<pyabc.epsilon.epsilon.MedianEpsilon object at 0x148ab09a05d0>
[<SimpleModel ode_model5>]
2000 <pyabc.populationstrategy.ConstantPopulationSize object at 0x148ab09b3790>
16 <pyabc.sampler.multicore_evaluation_parallel.MulticoreEvalParallelSampler object at 0x148ab09a02d0>
[MultivariateNormalTransition()]sqlite:///dbfiles/model5_16_more.dbGenerations: 20
Minimum eps: 20.000
INFO:ABC:Acceptance rate: 2000 / 54106 = 3.6964e-02, ESS=2.0000e+03.
INFO:ABC:t: 1, eps: 57.939785807577536.
INFO:ABC:Acceptance rate: 2000 / 25840 = 7.7399e-02, ESS=8.6127e+00.
INFO:ABC:t: 2, eps: 55.17245582745916.
INFO:ABC:Acceptance rate: 2000 / 42501 = 4.7058e-02, ESS=1.6031e+00.
INFO:ABC:t: 3, eps: 52.69969319658213.INFO:ABC:Acceptance rate: 2000 / 31450 = 6.3593e-02, ESS=5.6374e+00.
INFO:ABC:t: 4, eps: 51.64838345464442.INFO:ABC:Acceptance rate: 2000 / 15301 = 1.3071e-01, ESS=6.7752e+00.
INFO:ABC:t: 5, eps: 50.01958949726821.
INFO:ABC:Acceptance rate: 2000 / 12938 = 1.5458e-01, ESS=5.4136e+00.
INFO:ABC:t: 6, eps: 48.770073361147716.
INFO:ABC:Acceptance rate: 2000 / 25450 = 7.8585e-02, ESS=2.8898e+00.
INFO:ABC:t: 7, eps: 44.63684466501862.
INFO:ABC:Acceptance rate: 2000 / 27855 = 7.1800e-02, ESS=1.1750e+00.
INFO:ABC:t: 8, eps: 44.55660623884725.
INFO:ABC:Acceptance rate: 2000 / 4082 = 4.8996e-01, ESS=3.3938e+00.
INFO:ABC:t: 9, eps: 41.40297465167338.INFO:ABC:Acceptance rate: 2000 / 5089 = 3.9300e-01, ESS=1.6150e+00.
INFO:ABC:t: 10, eps: 40.91834656551725.INFO:ABC:Acceptance rate: 2000 / 4359 = 4.5882e-01, ESS=3.2488e+00.
INFO:ABC:t: 11, eps: 39.90270695365676.INFO:ABC:Acceptance rate: 2000 / 5823 = 3.4347e-01, ESS=7.2109e+00.
INFO:ABC:t: 12, eps: 35.0773488427318.
INFO:ABC:Acceptance rate: 2000 / 23490 = 8.5143e-02, ESS=1.8064e+00.
INFO:ABC:t: 13, eps: 33.83265564152874.INFO:ABC:Acceptance rate: 2000 / 2736 = 7.3099e-01, ESS=6.4824e+00.
INFO:ABC:t: 14, eps: 30.208325171266186.
INFO:ABC:Acceptance rate: 2000 / 6815 = 2.9347e-01, ESS=1.7350e+00.
INFO:ABC:t: 15, eps: 30.001331218801354.
INFO:ABC:Acceptance rate: 2000 / 2848 = 7.0225e-01, ESS=5.0383e+00.
INFO:ABC:t: 16, eps: 29.123276748450124.INFO:ABC:Acceptance rate: 2000 / 4904 = 4.0783e-01, ESS=1.6289e+00.
INFO:ABC:t: 17, eps: 28.180456648109082.INFO:ABC:Acceptance rate: 2000 / 4644 = 4.3066e-01, ESS=4.6681e+00.
INFO:ABC:t: 18, eps: 26.5085050185679.INFO:ABC:Acceptance rate: 2000 / 9221 = 2.1690e-01, ESS=5.9548e+00.
INFO:ABC:t: 19, eps: 26.35416580728294.
INFO:ABC:Acceptance rate: 2000 / 6650 = 3.0075e-01, ESS=4.9166e+00.
INFO:History:Done <ABCSMC(id=2, start_time=2020-07-20 01:02:36.630497, end_time=2020-07-20 02:04:01.149635)>
INFO:Sampler:Parallelizing the sampling on 16 cores.
INFO:History:Start <ABCSMC(id=3, start_time=2020-07-20 02:04:12.213059, end_time=None)>
INFO:ABC:t: 0, eps: 60.ABC SMC
Performance studyTarget data
{0: 0.0, 1: 0.0, 2: 1.0, 3: 1.0, 4: nan, 5: nan, 6: 1.8725, 7: 0.96225, 8: 1.85, 9: 0.33333334, 10: nan, 11: nan, 12: 10.708333, 13: 1.08, 14: 4.01255, 15: 1.0565, 16: 26.52, 17: 3.275862, 18: nan, 19: nan, 20: 22.333334, 21: 4.8333335, 22: 29.17, 23: 13.88, 24: 16.6, 25: 12.652174, 26: 7.365, 27: 8.6005, 28: nan, 29: nan, 30: 5.985, 31: 7.4845, 32: 6.8076925, 33: 18.766666, 34: 8.76, 35: 3.060075, 36: 5.851852, 37: 19.565218, 38: 1.076415, 39: 6.56325, 40: 0.5555556, 41: 14.275862, 42: 0.764, 43: 5.7875, 44: 0.3448276, 45: 8.653846, 46: nan, 47: nan}
 NO factors applied
loguniform
<pyabc.acceptor.acceptor.UniformAcceptor object at 0x14ab368e6190>
2 <pyabc.distance.distance.PNormDistance object at 0x14ab34416850>
<pyabc.epsilon.epsilon.MedianEpsilon object at 0x14ab34416890>
[<SimpleModel ode_model5>]
2000 <pyabc.populationstrategy.ConstantPopulationSize object at 0x14ab343ad1d0>
16 <pyabc.sampler.multicore_evaluation_parallel.MulticoreEvalParallelSampler object at 0x14ab343a0090>
[MultivariateNormalTransition()]sqlite:///dbfiles/model5_16_more.dbGenerations: 20
Minimum eps: 20.000/lustre/home/d171/s1898201/miniconda3/lib/python3.7/site-packages/pyabc/distance/distance.py:102: RuntimeWarning: overflow encountered in double_scalars
  for key in w),INFO:ABC:Acceptance rate: 2000 / 54083 = 3.6980e-02, ESS=2.0000e+03.
INFO:ABC:t: 1, eps: 57.94370565387937.
INFO:ABC:Acceptance rate: 2000 / 31509 = 6.3474e-02, ESS=2.3440e+00.
INFO:ABC:t: 2, eps: 55.609417832457204.
INFO:ABC:Acceptance rate: 2000 / 52130 = 3.8366e-02, ESS=1.2045e+00.
INFO:ABC:t: 3, eps: 55.47633351685264.INFO:ABC:Acceptance rate: 2000 / 21432 = 9.3318e-02, ESS=6.2649e+00.
INFO:ABC:t: 4, eps: 53.238185626660446.
INFO:ABC:Acceptance rate: 2000 / 11726 = 1.7056e-01, ESS=1.6337e+01.
INFO:ABC:t: 5, eps: 50.99251603083245.INFO:ABC:Acceptance rate: 2000 / 26808 = 7.4605e-02, ESS=2.8335e+00.
INFO:ABC:t: 6, eps: 47.92677052299066.
INFO:ABC:Acceptance rate: 2000 / 38906 = 5.1406e-02, ESS=1.3995e+00.
INFO:ABC:t: 7, eps: 46.835474255487824.INFO:ABC:Acceptance rate: 2000 / 14746 = 1.3563e-01, ESS=6.7307e+00.
INFO:ABC:t: 8, eps: 44.755151390713756.
INFO:ABC:Acceptance rate: 2000 / 20757 = 9.6353e-02, ESS=2.1576e+00.
INFO:ABC:t: 9, eps: 42.63173441982922.
INFO:ABC:Acceptance rate: 2000 / 97047 = 2.0609e-02, ESS=1.4058e+00.
INFO:ABC:t: 10, eps: 42.233999862005916.
INFO:ABC:Acceptance rate: 2000 / 5956 = 3.3580e-01, ESS=1.3544e+00.
INFO:ABC:t: 11, eps: 32.53906577284653.
INFO:ABC:Acceptance rate: 2000 / 6364543 = 3.1424e-04, ESS=3.9439e+00.
INFO:ABC:t: 12, eps: 30.328583214827106.
INFO:ABC:Acceptance rate: 2000 / 54732 = 3.6542e-02, ESS=2.7330e+00.
INFO:ABC:t: 13, eps: 27.9602450313666.
INFO:ABC:Acceptance rate: 2000 / 45265 = 4.4184e-02, ESS=2.0563e+00.
INFO:ABC:t: 14, eps: 26.653488086390226.
INFO:ABC:Acceptance rate: 2000 / 90789 = 2.2029e-02, ESS=1.5360e+00.
INFO:ABC:t: 15, eps: 25.173114610379578.
INFO:ABC:Acceptance rate: 2000 / 104798 = 1.9084e-02, ESS=4.4739e+00.
INFO:ABC:t: 16, eps: 22.751241237672357.
INFO:ABC:Acceptance rate: 2000 / 347214 = 5.7601e-03, ESS=1.7258e+00.
INFO:ABC:t: 17, eps: 22.625570596037853.
INFO:ABC:Acceptance rate: 2000 / 4748 = 4.2123e-01, ESS=6.0283e+00.
INFO:ABC:t: 18, eps: 22.237713217296776.
INFO:ABC:Acceptance rate: 2000 / 6756 = 2.9603e-01, ESS=3.7868e+00.
INFO:ABC:t: 19, eps: 22.023992569799855.
INFO:ABC:Acceptance rate: 2000 / 4385 = 4.5610e-01, ESS=5.6342e+00.
INFO:History:Done <ABCSMC(id=3, start_time=2020-07-20 02:04:12.213059, end_time=2020-07-20 04:56:32.815691)>
INFO:Sampler:Parallelizing the sampling on 16 cores.
INFO:History:Start <ABCSMC(id=4, start_time=2020-07-20 04:56:57.048213, end_time=None)>
INFO:ABC:t: 0, eps: 60.ABC SMC
Performance studyTarget data
{0: 0.0, 1: 0.0, 2: 1.0, 3: 1.0, 4: nan, 5: nan, 6: 1.8725, 7: 0.96225, 8: 1.85, 9: 0.33333334, 10: nan, 11: nan, 12: 10.708333, 13: 1.08, 14: 4.01255, 15: 1.0565, 16: 26.52, 17: 3.275862, 18: nan, 19: nan, 20: 22.333334, 21: 4.8333335, 22: 29.17, 23: 13.88, 24: 16.6, 25: 12.652174, 26: 7.365, 27: 8.6005, 28: nan, 29: nan, 30: 5.985, 31: 7.4845, 32: 6.8076925, 33: 18.766666, 34: 8.76, 35: 3.060075, 36: 5.851852, 37: 19.565218, 38: 1.076415, 39: 6.56325, 40: 0.5555556, 41: 14.275862, 42: 0.764, 43: 5.7875, 44: 0.3448276, 45: 8.653846, 46: nan, 47: nan}
 NO factors applied
loguniform
<pyabc.acceptor.acceptor.UniformAcceptor object at 0x14b744455f50>
2 <pyabc.distance.distance.PNormDistance object at 0x14b744447210>
<pyabc.epsilon.epsilon.MedianEpsilon object at 0x14b744447150>
[<SimpleModel ode_model5>]
2000 <pyabc.populationstrategy.ConstantPopulationSize object at 0x14b746bb1550>
16 <pyabc.sampler.multicore_evaluation_parallel.MulticoreEvalParallelSampler object at 0x14b7444473d0>
[MultivariateNormalTransition()]sqlite:///dbfiles/model5_16_more.dbGenerations: 20
Minimum eps: 20.000/lustre/home/d171/s1898201/miniconda3/lib/python3.7/site-packages/pyabc/distance/distance.py:102: RuntimeWarning: overflow encountered in double_scalars
  for key in w),INFO:ABC:Acceptance rate: 2000 / 54610 = 3.6623e-02, ESS=2.0000e+03.
INFO:ABC:t: 1, eps: 57.829798201626375.
INFO:ABC:Acceptance rate: 2000 / 27008 = 7.4052e-02, ESS=2.2905e+01.
INFO:ABC:t: 2, eps: 56.016783808411105.
INFO:ABC:Acceptance rate: 2000 / 42691 = 4.6848e-02, ESS=6.0938e+00.
INFO:ABC:t: 3, eps: 54.600674933135444.
INFO:ABC:Acceptance rate: 2000 / 19273 = 1.0377e-01, ESS=7.5923e+00.
INFO:ABC:t: 4, eps: 50.476240932392244.INFO:ABC:Acceptance rate: 2000 / 14483 = 1.3809e-01, ESS=4.8217e+00.
INFO:ABC:t: 5, eps: 47.65254552398973.
INFO:ABC:Acceptance rate: 2000 / 28752 = 6.9560e-02, ESS=4.1513e+00.
INFO:ABC:t: 6, eps: 45.74588356687884.INFO:ABC:Acceptance rate: 2000 / 9745 = 2.0523e-01, ESS=3.9466e+00.
INFO:ABC:t: 7, eps: 41.98613908813779.INFO:ABC:Acceptance rate: 2000 / 47353 = 4.2236e-02, ESS=1.4211e+01.
INFO:ABC:t: 8, eps: 41.22450008835891.
INFO:ABC:Acceptance rate: 2000 / 17870 = 1.1192e-01, ESS=3.1621e+00.
INFO:ABC:t: 9, eps: 40.62554816571916.
INFO:ABC:Acceptance rate: 2000 / 8164 = 2.4498e-01, ESS=1.8089e+00.
INFO:ABC:t: 10, eps: 37.55133580375982.
INFO:ABC:Acceptance rate: 2000 / 41585 = 4.8094e-02, ESS=4.9212e+00.
INFO:ABC:t: 11, eps: 36.14942431352442.INFO:ABC:Acceptance rate: 2000 / 22418 = 8.9214e-02, ESS=2.9489e+00.
INFO:ABC:t: 12, eps: 35.080891433931185.INFO:ABC:Acceptance rate: 2000 / 4895 = 4.0858e-01, ESS=7.0561e+00.
INFO:ABC:t: 13, eps: 33.79634796282074.
INFO:ABC:Acceptance rate: 2000 / 12468 = 1.6041e-01, ESS=4.7802e+00.
INFO:ABC:t: 14, eps: 31.469332964747768.INFO:ABC:Acceptance rate: 2000 / 8599 = 2.3259e-01, ESS=9.8047e+00.
INFO:ABC:t: 15, eps: 29.730280849257174.
INFO:ABC:Acceptance rate: 2000 / 18743 = 1.0671e-01, ESS=6.7867e+00.
INFO:ABC:t: 16, eps: 28.28952177315518.
INFO:ABC:Acceptance rate: 2000 / 15394 = 1.2992e-01, ESS=2.0993e+00.
INFO:ABC:t: 17, eps: 26.320895509239424.
INFO:ABC:Acceptance rate: 2000 / 13554 = 1.4756e-01, ESS=9.4733e+00.
INFO:ABC:t: 18, eps: 25.434701282923417.
INFO:ABC:Acceptance rate: 2000 / 10805 = 1.8510e-01, ESS=4.8750e+00.
INFO:ABC:t: 19, eps: 23.534616331177475.
INFO:ABC:Acceptance rate: 2000 / 7711 = 2.5937e-01, ESS=6.1305e+00.
INFO:History:Done <ABCSMC(id=4, start_time=2020-07-20 04:56:57.048213, end_time=2020-07-20 05:56:18.199911)>
INFO:Sampler:Parallelizing the sampling on 16 cores.
INFO:History:Start <ABCSMC(id=5, start_time=2020-07-20 05:56:25.618914, end_time=None)>
INFO:ABC:t: 0, eps: 60.ABC SMC
Performance studyTarget data
{0: 0.0, 1: 0.0, 2: 1.0, 3: 1.0, 4: nan, 5: nan, 6: 1.8725, 7: 0.96225, 8: 1.85, 9: 0.33333334, 10: nan, 11: nan, 12: 10.708333, 13: 1.08, 14: 4.01255, 15: 1.0565, 16: 26.52, 17: 3.275862, 18: nan, 19: nan, 20: 22.333334, 21: 4.8333335, 22: 29.17, 23: 13.88, 24: 16.6, 25: 12.652174, 26: 7.365, 27: 8.6005, 28: nan, 29: nan, 30: 5.985, 31: 7.4845, 32: 6.8076925, 33: 18.766666, 34: 8.76, 35: 3.060075, 36: 5.851852, 37: 19.565218, 38: 1.076415, 39: 6.56325, 40: 0.5555556, 41: 14.275862, 42: 0.764, 43: 5.7875, 44: 0.3448276, 45: 8.653846, 46: nan, 47: nan}
 NO factors applied
loguniform
<pyabc.acceptor.acceptor.UniformAcceptor object at 0x1495c6268e50>
2 <pyabc.distance.distance.PNormDistance object at 0x1495c62dab50>
<pyabc.epsilon.epsilon.MedianEpsilon object at 0x1495c6266550>
[<SimpleModel ode_model5>]
2000 <pyabc.populationstrategy.ConstantPopulationSize object at 0x1495c62685d0>
16 <pyabc.sampler.multicore_evaluation_parallel.MulticoreEvalParallelSampler object at 0x1495c6266210>
[MultivariateNormalTransition()]sqlite:///dbfiles/model5_16_more.dbGenerations: 20
Minimum eps: 20.000/lustre/home/d171/s1898201/miniconda3/lib/python3.7/site-packages/pyabc/distance/distance.py:102: RuntimeWarning: overflow encountered in double_scalars
  for key in w),INFO:ABC:Acceptance rate: 2000 / 50907 = 3.9287e-02, ESS=2.0000e+03.
INFO:ABC:t: 1, eps: 57.88923339965397.
INFO:ABC:Acceptance rate: 2000 / 29030 = 6.8894e-02, ESS=1.0811e+01.
INFO:ABC:t: 2, eps: 56.263602172877995.INFO:ABC:Acceptance rate: 2000 / 16216 = 1.2333e-01, ESS=1.2069e+00.
INFO:ABC:t: 3, eps: 52.78387400958181.
INFO:ABC:Acceptance rate: 2000 / 15568 = 1.2847e-01, ESS=1.0737e+00.
INFO:ABC:t: 4, eps: 42.974055605194344.
INFO:ABC:Acceptance rate: 2000 / 936089 = 2.1365e-03, ESS=1.2441e+00.
INFO:ABC:t: 5, eps: 40.947777589443774.INFO:ABC:Acceptance rate: 2000 / 21832 = 9.1609e-02, ESS=1.5120e+00.
INFO:ABC:t: 6, eps: 40.39359793951589.
INFO:ABC:Acceptance rate: 2000 / 2581 = 7.7489e-01, ESS=1.4077e+00.
INFO:ABC:t: 7, eps: 40.33679113801976.INFO:ABC:Acceptance rate: 2000 / 3318 = 6.0277e-01, ESS=1.0270e+00.
INFO:ABC:t: 8, eps: 39.274020961794555.
INFO:ABC:Acceptance rate: 2000 / 3652 = 5.4765e-01, ESS=1.0211e+00.
INFO:ABC:t: 9, eps: 35.5979592949664.
INFO:ABC:Acceptance rate: 2000 / 4617 = 4.3318e-01, ESS=1.5203e+00.
INFO:ABC:t: 10, eps: 30.85367482091573.INFO:ABC:Acceptance rate: 2000 / 10121 = 1.9761e-01, ESS=1.8774e+00.
INFO:ABC:t: 11, eps: 30.594155509210758.
INFO:ABC:Acceptance rate: 2000 / 3291 = 6.0772e-01, ESS=1.1134e+00.
INFO:ABC:t: 12, eps: 29.069599390689227.
INFO:ABC:Acceptance rate: 2000 / 7157 = 2.7945e-01, ESS=5.4057e+00.
INFO:ABC:t: 13, eps: 28.750173850898875.
INFO:ABC:Acceptance rate: 2000 / 3314 = 6.0350e-01, ESS=4.9096e+00.
INFO:ABC:t: 14, eps: 28.46961813028033.
INFO:ABC:Acceptance rate: 2000 / 5544 = 3.6075e-01, ESS=3.7459e+00.
INFO:ABC:t: 15, eps: 28.341600424521342.
INFO:ABC:Acceptance rate: 2000 / 3702 = 5.4025e-01, ESS=4.7245e+00.
INFO:ABC:t: 16, eps: 28.255813215174566.
INFO:ABC:Acceptance rate: 2000 / 3575 = 5.5944e-01, ESS=1.8478e+01.
INFO:ABC:t: 17, eps: 28.00939619624254.
INFO:ABC:Acceptance rate: 2000 / 6514 = 3.0703e-01, ESS=1.1178e+01.
INFO:ABC:t: 18, eps: 27.83031445294017.
INFO:ABC:Acceptance rate: 2000 / 5275 = 3.7915e-01, ESS=1.7677e+00.
INFO:ABC:t: 19, eps: 27.813596322103475.
INFO:ABC:Acceptance rate: 2000 / 4936 = 4.0519e-01, ESS=3.9340e+00.
INFO:History:Done <ABCSMC(id=5, start_time=2020-07-20 05:56:25.618914, end_time=2020-07-20 07:07:36.028967)>
