


 MNN kernel test
 Fixed eps, 2000 particles, 20 generations



Target data
{'N': array([ 0.        ,  2.63071392,  4.44069697, 10.95702523, 25.16555831,
       25.34075818,  9.82560063,  4.83806941,  3.88708617,  3.34390299,
        3.11348596,  3.25836024,  4.03156878,  3.11663925,  3.41400969,
        3.71271487,  3.37746729,  3.91096663,  3.04604096,  3.71729064,
        3.40872491,  3.72389649,  3.39223452,  3.73348286,  3.39876877,
        3.32022946,  3.58695482,  3.65571127,  3.7574197 ,  3.38175062]), 'M': array([ 0.        ,  0.43932834,  1.13595273,  2.1671816 ,  4.59211853,
       10.26308864, 13.0135431 , 13.8535311 , 13.79181788, 14.10812957,
       13.91491309, 13.96319914, 13.87246307, 14.23365058, 13.42824988,
       13.84962239, 13.70158041, 13.87848324, 13.61975328, 14.00582013,
       13.78250461, 14.17434043, 13.75823166, 13.98725626, 13.98458873,
       13.82098931, 14.37345361, 14.34904086, 13.75788774, 14.2031779 ]), 'B': array([ 1.        ,  1.08575296,  2.15236021,  5.75172523, 18.34256801,
       26.60387772, 12.19808483,  5.59167062,  3.50335544,  3.47005215,
        3.42011923,  2.99125421,  3.24210052,  3.57397453,  3.31622407,
        3.14262547,  3.1796158 ,  3.21016577,  3.57262784,  3.28569195,
        2.97073328,  3.69279679,  3.40618659,  3.38205488,  3.52145166,
        3.66602514,  3.46851587,  4.03856003,  3.67672238,  3.39480524]), 'A': array([1.        , 0.23249393, 0.50319867, 0.94004225, 2.40201009,
       5.32819082, 7.16240575, 7.63986634, 7.61365247, 7.44281521,
       7.64181869, 7.60561732, 7.46066653, 7.34237485, 7.51560542,
       7.42349096, 7.59609716, 7.50858812, 7.73997962, 7.61208771,
       7.45959213, 7.51912995, 7.40113367, 7.50216941, 7.48898812,
       7.57625292, 7.27696588, 7.45117622, 7.30581315, 7.66771037])}
<pyabc.acceptor.acceptor.UniformAcceptor object at 0x2aaad2e58cf8>
<pyabc.distance.distance.PNormDistance object at 0x2aaad2e58ba8> 2
<pyabc.epsilon.epsilon.ListEpsilon object at 0x2aaad2e58828>
[<SimpleModel non_noisy_model>]
<pyabc.populationstrategy.ConstantPopulationSize object at 0x2aaad2e58f60> 2000
<pyabc.sampler.multicore_evaluation_parallel.MulticoreEvalParallelSampler object at 0x2aaad2e587f0> 48
[LocalTransition(k=50, k_fraction=None)]
sqlite:///MNN_50.db
Generations: 20
Minimum eps: 2.739
Application 40795760 resources: utime ~15200s, stime ~78s, Rss ~911480, inblocks ~760604, outblocks ~2034085
