INFO:Sampler:Parallelizing the sampling on 72 cores.
INFO:History:Start <ABCSMC(id=1, start_time=2020-06-27 22:37:44.393699, end_time=None)>
INFO:ABC:t: 0, eps: 60.



ABC SMC
Parameter estimation

Target data
{0: 0.0, 1: 0.0, 2: 1.0, 3: 1.0, 4: nan, 5: nan, 6: 1.8725, 7: 0.96225, 8: 1.85, 9: 0.33333334, 10: nan, 11: nan, 12: 10.708333, 13: 1.08, 14: 4.01255, 15: 1.0565, 16: 26.52, 17: 3.275862, 18: nan, 19: nan, 20: 22.333334, 21: 4.8333335, 22: 29.17, 23: 13.88, 24: 16.6, 25: 12.652174, 26: 7.365, 27: 8.6005, 28: nan, 29: nan, 30: 5.985, 31: 7.4845, 32: 6.8076925, 33: 18.766666, 34: 8.76, 35: 3.060075, 36: 5.851852, 37: 19.565218, 38: 1.076415, 39: 6.56325, 40: 0.5555556, 41: 14.275862, 42: 0.764, 43: 5.7875, 44: 0.3448276, 45: 8.653846, 46: nan, 47: nan}
No factors applied
loguniform
<pyabc.acceptor.acceptor.UniformAcceptor object at 0x1526350e1ad0>
2 <pyabc.distance.distance.PNormDistance object at 0x15263287ced0>
<pyabc.epsilon.epsilon.MedianEpsilon object at 0x15263287cd90>
[<SimpleModel ode_model5>]
5000 <pyabc.populationstrategy.ConstantPopulationSize object at 0x152632805a90>
72 <pyabc.sampler.multicore_evaluation_parallel.MulticoreEvalParallelSampler object at 0x15263280fa50>
[MultivariateNormalTransition()]
sqlite:///model5_m_log_lp.db
Generations: 30
Minimum eps: 4.000








































































INFO:ABC:Acceptance rate: 5000 / 129966 = 3.8472e-02, ESS=5.0000e+03.
INFO:ABC:t: 1, eps: 57.89609992790463.



















/lustre/home/d171/s1898201/miniconda3/lib/python3.7/site-packages/pyabc/distance/distance.py:102: RuntimeWarning: overflow encountered in double_scalars
  for key in w),





















































INFO:ABC:Acceptance rate: 5000 / 74426 = 6.7181e-02, ESS=2.9610e+00.
INFO:ABC:t: 2, eps: 57.05124174476925.








































































INFO:ABC:Acceptance rate: 5000 / 87022 = 5.7457e-02, ESS=4.0800e+00.
INFO:ABC:t: 3, eps: 53.05529077885373.































































INFO:ABC:Acceptance rate: 5000 / 42082 = 1.1882e-01, ESS=3.3010e+00.
INFO:ABC:t: 4, eps: 52.14971136343977.













































INFO:ABC:Acceptance rate: 5000 / 17650 = 2.8329e-01, ESS=2.8504e+00.
INFO:ABC:t: 5, eps: 46.901339781345854.

































































INFO:ABC:Acceptance rate: 5000 / 145295 = 3.4413e-02, ESS=6.0382e+00.
INFO:ABC:t: 6, eps: 46.00987424220819.








































































INFO:ABC:Acceptance rate: 5000 / 43101 = 1.1601e-01, ESS=1.3775e+01.
INFO:ABC:t: 7, eps: 44.536514481099395.





































INFO:ABC:Acceptance rate: 5000 / 30669 = 1.6303e-01, ESS=1.3504e+00.
INFO:ABC:t: 8, eps: 43.93326717297535.























































INFO:ABC:Acceptance rate: 5000 / 44092 = 1.1340e-01, ESS=1.0976e+00.
INFO:ABC:t: 9, eps: 43.21686895480579.











































INFO:ABC:Acceptance rate: 5000 / 24282 = 2.0591e-01, ESS=5.9970e+00.
INFO:ABC:t: 10, eps: 41.728347238729555.













INFO:ABC:Acceptance rate: 5000 / 13262 = 3.7702e-01, ESS=1.3043e+01.
INFO:ABC:t: 11, eps: 39.27629686763881.




















INFO:ABC:Acceptance rate: 5000 / 39362 = 1.2703e-01, ESS=1.0088e+01.
INFO:ABC:t: 12, eps: 37.848812971981424.






































































INFO:ABC:Acceptance rate: 5000 / 29698 = 1.6836e-01, ESS=2.8089e+01.
INFO:ABC:t: 13, eps: 34.349598387496044.








































































INFO:ABC:Acceptance rate: 5000 / 51827 = 9.6475e-02, ESS=1.0109e+01.
INFO:ABC:t: 14, eps: 30.960793951373557.








































































INFO:ABC:Acceptance rate: 5000 / 57713 = 8.6636e-02, ESS=1.1458e+00.
INFO:ABC:t: 15, eps: 24.294249398617417.








































































INFO:ABC:Acceptance rate: 5000 / 406748 = 1.2293e-02, ESS=2.8445e+00.
INFO:ABC:t: 16, eps: 22.238627604763042.














































INFO:ABC:Acceptance rate: 5000 / 36791 = 1.3590e-01, ESS=3.4902e+00.
INFO:ABC:t: 17, eps: 21.596683786126654.































INFO:ABC:Acceptance rate: 5000 / 12083 = 4.1380e-01, ESS=1.3703e+00.
INFO:ABC:t: 18, eps: 21.237351735032767.


















INFO:ABC:Acceptance rate: 5000 / 7472 = 6.6916e-01, ESS=2.9976e+00.
INFO:ABC:t: 19, eps: 21.176252163431865.


























INFO:ABC:Acceptance rate: 5000 / 10992 = 4.5488e-01, ESS=2.8902e+00.
INFO:ABC:t: 20, eps: 20.947602304148305.


INFO:ABC:Acceptance rate: 5000 / 8048 = 6.2127e-01, ESS=1.6701e+00.
INFO:ABC:t: 21, eps: 20.28200975270416.



INFO:ABC:Acceptance rate: 5000 / 11586 = 4.3156e-01, ESS=4.2584e+00.
INFO:ABC:t: 22, eps: 19.67160130935148.



INFO:ABC:Acceptance rate: 5000 / 11367 = 4.3987e-01, ESS=3.6346e+00.
INFO:ABC:t: 23, eps: 19.240806271044256.







INFO:ABC:Acceptance rate: 5000 / 14658 = 3.4111e-01, ESS=8.9843e+00.
INFO:ABC:t: 24, eps: 19.04675528120187.



INFO:ABC:Acceptance rate: 5000 / 12647 = 3.9535e-01, ESS=9.0862e+00.
INFO:ABC:t: 25, eps: 18.480525527805092.












INFO:ABC:Acceptance rate: 5000 / 13226 = 3.7804e-01, ESS=6.1950e+00.
INFO:ABC:t: 26, eps: 18.205411989346707.



INFO:ABC:Acceptance rate: 5000 / 13589 = 3.6794e-01, ESS=2.3314e+00.
INFO:ABC:t: 27, eps: 17.518764787482212.
















INFO:ABC:Acceptance rate: 5000 / 10115 = 4.9432e-01, ESS=2.2410e+00.
INFO:ABC:t: 28, eps: 16.978406687847965.





INFO:ABC:Acceptance rate: 5000 / 10353 = 4.8295e-01, ESS=1.3856e+01.
INFO:ABC:t: 29, eps: 16.834646937347163.
INFO:ABC:Acceptance rate: 5000 / 14033 = 3.5630e-01, ESS=6.5714e+00.
INFO:History:Done <ABCSMC(id=1, start_time=2020-06-27 22:37:44.393699, end_time=2020-06-28 00:24:45.482449)>
