INFO:Sampler:Parallelizing the sampling on 72 cores.
INFO:History:Start <ABCSMC(id=1, start_time=2020-06-27 22:36:20.940046, end_time=None)>
INFO:ABC:t: 0, eps: 60.



ABC SMC
Parameter estimation

Target data
{0: 0.0, 1: 0.0, 2: 1.0, 3: 1.0, 4: nan, 5: nan, 6: 1.8725, 7: 0.96225, 8: 1.85, 9: 0.33333334, 10: nan, 11: nan, 12: 10.708333, 13: 1.08, 14: 4.01255, 15: 1.0565, 16: 26.52, 17: 3.275862, 18: nan, 19: nan, 20: 22.333334, 21: 4.8333335, 22: 29.17, 23: 13.88, 24: 16.6, 25: 12.652174, 26: 7.365, 27: 8.6005, 28: nan, 29: nan, 30: 5.985, 31: 7.4845, 32: 6.8076925, 33: 18.766666, 34: 8.76, 35: 3.060075, 36: 5.851852, 37: 19.565218, 38: 1.076415, 39: 6.56325, 40: 0.5555556, 41: 14.275862, 42: 0.764, 43: 5.7875, 44: 0.3448276, 45: 8.653846, 46: nan, 47: nan}
No factors applied
loguniform
<pyabc.acceptor.acceptor.UniformAcceptor object at 0x15081281dd10>
2 <pyabc.distance.distance.PNormDistance object at 0x150810125e50>
<pyabc.epsilon.epsilon.MedianEpsilon object at 0x150810125fd0>
[<SimpleModel ode_model4>]
5000 <pyabc.populationstrategy.ConstantPopulationSize object at 0x1508100b7a50>
72 <pyabc.sampler.multicore_evaluation_parallel.MulticoreEvalParallelSampler object at 0x1508100b72d0>
[MultivariateNormalTransition()]
sqlite:///model4_m_log_lp.db
Generations: 30
Minimum eps: 4.000








































































INFO:ABC:Acceptance rate: 5000 / 125852 = 3.9729e-02, ESS=5.0000e+03.
INFO:ABC:t: 1, eps: 57.8534853694634.








































































INFO:ABC:Acceptance rate: 5000 / 55432 = 9.0201e-02, ESS=1.1262e+01.
INFO:ABC:t: 2, eps: 55.55260022797841.








































































INFO:ABC:Acceptance rate: 5000 / 57959 = 8.6268e-02, ESS=1.0860e+00.
INFO:ABC:t: 3, eps: 55.43166736222129.




































































INFO:ABC:Acceptance rate: 5000 / 43652 = 1.1454e-01, ESS=2.4663e+00.
INFO:ABC:t: 4, eps: 51.076890258916514.







































































INFO:ABC:Acceptance rate: 5000 / 66999 = 7.4628e-02, ESS=2.4037e+00.
INFO:ABC:t: 5, eps: 48.56754512307842.







































































INFO:ABC:Acceptance rate: 5000 / 210349 = 2.3770e-02, ESS=1.0362e+00.
INFO:ABC:t: 6, eps: 46.005708289656255.



INFO:ABC:Acceptance rate: 5000 / 70843 = 7.0579e-02, ESS=2.2422e+00.
INFO:ABC:t: 7, eps: 45.06482739008974.









INFO:ABC:Acceptance rate: 5000 / 30813 = 1.6227e-01, ESS=1.0227e+00.
INFO:ABC:t: 8, eps: 41.99278986422575.




INFO:ABC:Acceptance rate: 5000 / 150029 = 3.3327e-02, ESS=5.0056e+00.
INFO:ABC:t: 9, eps: 40.11421215309683.
INFO:ABC:Acceptance rate: 5000 / 12173 = 4.1075e-01, ESS=4.4973e+00.
INFO:ABC:t: 10, eps: 39.52062253293112.
INFO:ABC:Acceptance rate: 5000 / 12471 = 4.0093e-01, ESS=3.5537e+00.
INFO:ABC:t: 11, eps: 39.00578210371142.
INFO:ABC:Acceptance rate: 5000 / 8797 = 5.6838e-01, ESS=4.0388e+00.
INFO:ABC:t: 12, eps: 37.13844289370381.
INFO:ABC:Acceptance rate: 5000 / 25761 = 1.9409e-01, ESS=1.3312e+00.
INFO:ABC:t: 13, eps: 36.937296544485946.
INFO:ABC:Acceptance rate: 5000 / 10553 = 4.7380e-01, ESS=7.0594e+00.
INFO:ABC:t: 14, eps: 36.38200916663254.
INFO:ABC:Acceptance rate: 5000 / 14946 = 3.3454e-01, ESS=4.8343e+00.
INFO:ABC:t: 15, eps: 35.868974658841395.
INFO:ABC:Acceptance rate: 5000 / 17188 = 2.9090e-01, ESS=1.4184e+00.
INFO:ABC:t: 16, eps: 34.89827461602807.

INFO:ABC:Acceptance rate: 5000 / 91709 = 5.4520e-02, ESS=6.8203e+00.
INFO:ABC:t: 17, eps: 34.54883157552314.
INFO:ABC:Acceptance rate: 5000 / 14670 = 3.4083e-01, ESS=1.5602e+01.
INFO:ABC:t: 18, eps: 33.4870897008145.
INFO:ABC:Acceptance rate: 5000 / 22073 = 2.2652e-01, ESS=8.9924e+00.
INFO:ABC:t: 19, eps: 32.471094746615876.
INFO:ABC:Acceptance rate: 5000 / 14736 = 3.3931e-01, ESS=1.0967e+00.
INFO:ABC:t: 20, eps: 30.992038334572864.
INFO:ABC:Acceptance rate: 5000 / 8178 = 6.1140e-01, ESS=2.4188e+00.
INFO:ABC:t: 21, eps: 30.725111397498747.
INFO:ABC:Acceptance rate: 5000 / 8438 = 5.9256e-01, ESS=1.9945e+00.
INFO:ABC:t: 22, eps: 29.23226537797188.
INFO:ABC:Acceptance rate: 5000 / 11412 = 4.3814e-01, ESS=5.2026e+00.
INFO:ABC:t: 23, eps: 27.980969306384143.
INFO:ABC:Acceptance rate: 5000 / 14712 = 3.3986e-01, ESS=4.3935e+00.
INFO:ABC:t: 24, eps: 27.812961437279014.
INFO:ABC:Acceptance rate: 5000 / 7811 = 6.4012e-01, ESS=3.4880e+00.
INFO:ABC:t: 25, eps: 27.145528896235387.
INFO:ABC:Acceptance rate: 5000 / 8786 = 5.6909e-01, ESS=1.1480e+01.
INFO:ABC:t: 26, eps: 25.407071101778435.
INFO:ABC:Acceptance rate: 5000 / 14326 = 3.4902e-01, ESS=4.6150e+00.
INFO:ABC:t: 27, eps: 25.22628577932152.


INFO:ABC:Acceptance rate: 5000 / 8641 = 5.7864e-01, ESS=4.1560e+00.
INFO:ABC:t: 28, eps: 24.47349764925784.

INFO:ABC:Acceptance rate: 5000 / 10390 = 4.8123e-01, ESS=8.1353e+00.
INFO:ABC:t: 29, eps: 22.95106386144525.
INFO:ABC:Acceptance rate: 5000 / 18361 = 2.7232e-01, ESS=7.9770e+00.
INFO:History:Done <ABCSMC(id=1, start_time=2020-06-27 22:36:20.940046, end_time=2020-06-28 00:09:31.081108)>
