INFO:Sampler:Parallelizing the sampling on 72 cores.
INFO:History:Start <ABCSMC(id=2, start_time=2020-08-12 23:43:52.637371, end_time=None)>
INFO:ABC:t: 0, eps: 50.



ABC SMC
Parameter estimation

Target data
{0: 0.0, 1: 0.0, 2: 1.0, 3: 1.0, 4: nan, 5: nan, 6: 1.8725, 7: 0.96225, 8: 1.85, 9: 0.33333334, 10: nan, 11: nan, 12: 10.708333, 13: 1.08, 14: 4.01255, 15: 1.0565, 16: 26.52, 17: 3.275862, 18: nan, 19: nan, 20: 22.333334, 21: 4.8333335, 22: 29.17, 23: 13.88, 24: 16.6, 25: 12.652174, 26: 7.365, 27: 8.6005, 28: nan, 29: nan, 30: 5.985, 31: 7.4845, 32: 6.8076925, 33: 18.766666, 34: 8.76, 35: 3.060075, 36: 5.851852, 37: 19.565218, 38: 1.076415, 39: 6.56325, 40: 0.5555556, 41: 14.275862, 42: 0.764, 43: 5.7875, 44: 0.3448276, 45: 8.653846, 46: nan, 47: nan}
loguniform
<pyabc.acceptor.acceptor.UniformAcceptor object at 0x14c432d1e9d0>
2 <pyabc.distance.distance.PNormDistance object at 0x14c4304c0c10>
<pyabc.epsilon.epsilon.MedianEpsilon object at 0x14c4304c0c90>
[<SimpleModel ode_model3>, <SimpleModel ode_model4>, <SimpleModel ode_model5>]
10 <pyabc.populationstrategy.ConstantPopulationSize object at 0x14c432a77d10>
72 <pyabc.sampler.multicore_evaluation_parallel.MulticoreEvalParallelSampler object at 0x14c43240b790>
[MultivariateNormalTransition(), MultivariateNormalTransition(), MultivariateNormalTransition()]

sqlite:///model345_cmp_l.db

Generations: 25
Minimum eps: 4.000
/lustre/home/d171/s1898201/miniconda3/lib/python3.7/site-packages/scipy/integrate/odepack.py:247: ODEintWarning: Excess work done on this call (perhaps wrong Dfun type). Run with full_output = 1 to get quantitative information.
  warnings.warn(warning_msg, ODEintWarning)
/lustre/home/d171/s1898201/miniconda3/lib/python3.7/site-packages/scipy/integrate/odepack.py:247: ODEintWarning: Excess work done on this call (perhaps wrong Dfun type). Run with full_output = 1 to get quantitative information.
  warnings.warn(warning_msg, ODEintWarning)
/lustre/home/d171/s1898201/miniconda3/lib/python3.7/site-packages/scipy/integrate/odepack.py:247: ODEintWarning: Excess work done on this call (perhaps wrong Dfun type). Run with full_output = 1 to get quantitative information.
  warnings.warn(warning_msg, ODEintWarning)
/lustre/home/d171/s1898201/miniconda3/lib/python3.7/site-packages/scipy/integrate/odepack.py:247: ODEintWarning: Excess work done on this call (perhaps wrong Dfun type). Run with full_output = 1 to get quantitative information.
  warnings.warn(warning_msg, ODEintWarning)
/lustre/home/d171/s1898201/miniconda3/lib/python3.7/site-packages/scipy/integrate/odepack.py:247: ODEintWarning: Excess work done on this call (perhaps wrong Dfun type). Run with full_output = 1 to get quantitative information.
  warnings.warn(warning_msg, ODEintWarning)
/lustre/home/d171/s1898201/miniconda3/lib/python3.7/site-packages/scipy/integrate/odepack.py:247: ODEintWarning: Excess work done on this call (perhaps wrong Dfun type). Run with full_output = 1 to get quantitative information.
  warnings.warn(warning_msg, ODEintWarning)
/lustre/home/d171/s1898201/miniconda3/lib/python3.7/site-packages/scipy/integrate/odepack.py:247: ODEintWarning: Excess work done on this call (perhaps wrong Dfun type). Run with full_output = 1 to get quantitative information.
  warnings.warn(warning_msg, ODEintWarning)
/lustre/home/d171/s1898201/miniconda3/lib/python3.7/site-packages/scipy/integrate/odepack.py:247: ODEintWarning: Excess work done on this call (perhaps wrong Dfun type). Run with full_output = 1 to get quantitative information.
  warnings.warn(warning_msg, ODEintWarning)
/lustre/home/d171/s1898201/miniconda3/lib/python3.7/site-packages/scipy/integrate/odepack.py:247: ODEintWarning: Excess work done on this call (perhaps wrong Dfun type). Run with full_output = 1 to get quantitative information.
  warnings.warn(warning_msg, ODEintWarning)
/lustre/home/d171/s1898201/miniconda3/lib/python3.7/site-packages/scipy/integrate/odepack.py:247: ODEintWarning: Excess work done on this call (perhaps wrong Dfun type). Run with full_output = 1 to get quantitative information.
  warnings.warn(warning_msg, ODEintWarning)
/lustre/home/d171/s1898201/miniconda3/lib/python3.7/site-packages/scipy/integrate/odepack.py:247: ODEintWarning: Excess work done on this call (perhaps wrong Dfun type). Run with full_output = 1 to get quantitative information.
  warnings.warn(warning_msg, ODEintWarning)
/lustre/home/d171/s1898201/miniconda3/lib/python3.7/site-packages/scipy/integrate/odepack.py:247: ODEintWarning: Excess work done on this call (perhaps wrong Dfun type). Run with full_output = 1 to get quantitative information.
  warnings.warn(warning_msg, ODEintWarning)
/lustre/home/d171/s1898201/miniconda3/lib/python3.7/site-packages/scipy/integrate/odepack.py:247: ODEintWarning: Excess work done on this call (perhaps wrong Dfun type). Run with full_output = 1 to get quantitative information.
  warnings.warn(warning_msg, ODEintWarning)
/lustre/home/d171/s1898201/miniconda3/lib/python3.7/site-packages/scipy/integrate/odepack.py:247: ODEintWarning: Excess work done on this call (perhaps wrong Dfun type). Run with full_output = 1 to get quantitative information.
  warnings.warn(warning_msg, ODEintWarning)
/lustre/home/d171/s1898201/miniconda3/lib/python3.7/site-packages/scipy/integrate/odepack.py:247: ODEintWarning: Excess work done on this call (perhaps wrong Dfun type). Run with full_output = 1 to get quantitative information.
  warnings.warn(warning_msg, ODEintWarning)
/lustre/home/d171/s1898201/miniconda3/lib/python3.7/site-packages/scipy/integrate/odepack.py:247: ODEintWarning: Excess work done on this call (perhaps wrong Dfun type). Run with full_output = 1 to get quantitative information.
  warnings.warn(warning_msg, ODEintWarning)
/lustre/home/d171/s1898201/miniconda3/lib/python3.7/site-packages/scipy/integrate/odepack.py:247: ODEintWarning: Excess work done on this call (perhaps wrong Dfun type). Run with full_output = 1 to get quantitative information.
  warnings.warn(warning_msg, ODEintWarning)
/lustre/home/d171/s1898201/miniconda3/lib/python3.7/site-packages/scipy/integrate/odepack.py:247: ODEintWarning: Excess work done on this call (perhaps wrong Dfun type). Run with full_output = 1 to get quantitative information.
  warnings.warn(warning_msg, ODEintWarning)
/lustre/home/d171/s1898201/miniconda3/lib/python3.7/site-packages/scipy/integrate/odepack.py:247: ODEintWarning: Excess work done on this call (perhaps wrong Dfun type). Run with full_output = 1 to get quantitative information.
  warnings.warn(warning_msg, ODEintWarning)
/lustre/home/d171/s1898201/miniconda3/lib/python3.7/site-packages/scipy/integrate/odepack.py:247: ODEintWarning: Excess work done on this call (perhaps wrong Dfun type). Run with full_output = 1 to get quantitative information.
  warnings.warn(warning_msg, ODEintWarning)
/lustre/home/d171/s1898201/miniconda3/lib/python3.7/site-packages/scipy/integrate/odepack.py:247: ODEintWarning: Excess work done on this call (perhaps wrong Dfun type). Run with full_output = 1 to get quantitative information.
  warnings.warn(warning_msg, ODEintWarning)
/lustre/home/d171/s1898201/miniconda3/lib/python3.7/site-packages/scipy/integrate/odepack.py:247: ODEintWarning: Excess work done on this call (perhaps wrong Dfun type). Run with full_output = 1 to get quantitative information.
  warnings.warn(warning_msg, ODEintWarning)
/lustre/home/d171/s1898201/miniconda3/lib/python3.7/site-packages/scipy/integrate/odepack.py:247: ODEintWarning: Excess work done on this call (perhaps wrong Dfun type). Run with full_output = 1 to get quantitative information.
  warnings.warn(warning_msg, ODEintWarning)
/lustre/home/d171/s1898201/miniconda3/lib/python3.7/site-packages/scipy/integrate/odepack.py:247: ODEintWarning: Excess work done on this call (perhaps wrong Dfun type). Run with full_output = 1 to get quantitative information.
  warnings.warn(warning_msg, ODEintWarning)
/lustre/home/d171/s1898201/miniconda3/lib/python3.7/site-packages/scipy/integrate/odepack.py:247: ODEintWarning: Excess work done on this call (perhaps wrong Dfun type). Run with full_output = 1 to get quantitative information.
  warnings.warn(warning_msg, ODEintWarning)
/lustre/home/d171/s1898201/miniconda3/lib/python3.7/site-packages/scipy/integrate/odepack.py:247: ODEintWarning: Excess work done on this call (perhaps wrong Dfun type). Run with full_output = 1 to get quantitative information.
  warnings.warn(warning_msg, ODEintWarning)
/lustre/home/d171/s1898201/miniconda3/lib/python3.7/site-packages/scipy/integrate/odepack.py:247: ODEintWarning: Excess work done on this call (perhaps wrong Dfun type). Run with full_output = 1 to get quantitative information.
  warnings.warn(warning_msg, ODEintWarning)
/lustre/home/d171/s1898201/miniconda3/lib/python3.7/site-packages/scipy/integrate/odepack.py:247: ODEintWarning: Excess work done on this call (perhaps wrong Dfun type). Run with full_output = 1 to get quantitative information.
  warnings.warn(warning_msg, ODEintWarning)
/lustre/home/d171/s1898201/miniconda3/lib/python3.7/site-packages/scipy/integrate/odepack.py:247: ODEintWarning: Excess work done on this call (perhaps wrong Dfun type). Run with full_output = 1 to get quantitative information.
  warnings.warn(warning_msg, ODEintWarning)
/lustre/home/d171/s1898201/miniconda3/lib/python3.7/site-packages/scipy/integrate/odepack.py:247: ODEintWarning: Excess work done on this call (perhaps wrong Dfun type). Run with full_output = 1 to get quantitative information.
  warnings.warn(warning_msg, ODEintWarning)
/lustre/home/d171/s1898201/miniconda3/lib/python3.7/site-packages/scipy/integrate/odepack.py:247: ODEintWarning: Excess work done on this call (perhaps wrong Dfun type). Run with full_output = 1 to get quantitative information.
  warnings.warn(warning_msg, ODEintWarning)
/lustre/home/d171/s1898201/miniconda3/lib/python3.7/site-packages/scipy/integrate/odepack.py:247: ODEintWarning: Excess work done on this call (perhaps wrong Dfun type). Run with full_output = 1 to get quantitative information.
  warnings.warn(warning_msg, ODEintWarning)
/lustre/home/d171/s1898201/miniconda3/lib/python3.7/site-packages/scipy/integrate/odepack.py:247: ODEintWarning: Excess work done on this call (perhaps wrong Dfun type). Run with full_output = 1 to get quantitative information.
  warnings.warn(warning_msg, ODEintWarning)
/lustre/home/d171/s1898201/miniconda3/lib/python3.7/site-packages/scipy/integrate/odepack.py:247: ODEintWarning: Excess work done on this call (perhaps wrong Dfun type). Run with full_output = 1 to get quantitative information.
  warnings.warn(warning_msg, ODEintWarning)
/lustre/home/d171/s1898201/miniconda3/lib/python3.7/site-packages/scipy/integrate/odepack.py:247: ODEintWarning: Excess work done on this call (perhaps wrong Dfun type). Run with full_output = 1 to get quantitative information.
  warnings.warn(warning_msg, ODEintWarning)
/lustre/home/d171/s1898201/miniconda3/lib/python3.7/site-packages/scipy/integrate/odepack.py:247: ODEintWarning: Excess work done on this call (perhaps wrong Dfun type). Run with full_output = 1 to get quantitative information.
  warnings.warn(warning_msg, ODEintWarning)
/lustre/home/d171/s1898201/miniconda3/lib/python3.7/site-packages/scipy/integrate/odepack.py:247: ODEintWarning: Excess work done on this call (perhaps wrong Dfun type). Run with full_output = 1 to get quantitative information.
  warnings.warn(warning_msg, ODEintWarning)
/lustre/home/d171/s1898201/miniconda3/lib/python3.7/site-packages/scipy/integrate/odepack.py:247: ODEintWarning: Excess work done on this call (perhaps wrong Dfun type). Run with full_output = 1 to get quantitative information.
  warnings.warn(warning_msg, ODEintWarning)
/lustre/home/d171/s1898201/miniconda3/lib/python3.7/site-packages/scipy/integrate/odepack.py:247: ODEintWarning: Excess work done on this call (perhaps wrong Dfun type). Run with full_output = 1 to get quantitative information.
  warnings.warn(warning_msg, ODEintWarning)
/lustre/home/d171/s1898201/miniconda3/lib/python3.7/site-packages/scipy/integrate/odepack.py:247: ODEintWarning: Excess work done on this call (perhaps wrong Dfun type). Run with full_output = 1 to get quantitative information.
  warnings.warn(warning_msg, ODEintWarning)
/lustre/home/d171/s1898201/miniconda3/lib/python3.7/site-packages/scipy/integrate/odepack.py:247: ODEintWarning: Excess work done on this call (perhaps wrong Dfun type). Run with full_output = 1 to get quantitative information.
  warnings.warn(warning_msg, ODEintWarning)
/lustre/home/d171/s1898201/miniconda3/lib/python3.7/site-packages/scipy/integrate/odepack.py:247: ODEintWarning: Excess work done on this call (perhaps wrong Dfun type). Run with full_output = 1 to get quantitative information.
  warnings.warn(warning_msg, ODEintWarning)
/lustre/home/d171/s1898201/miniconda3/lib/python3.7/site-packages/pyabc/distance/distance.py:102: RuntimeWarning: overflow encountered in double_scalars
  for key in w),
/lustre/home/d171/s1898201/miniconda3/lib/python3.7/site-packages/scipy/integrate/odepack.py:247: ODEintWarning: Excess work done on this call (perhaps wrong Dfun type). Run with full_output = 1 to get quantitative information.
  warnings.warn(warning_msg, ODEintWarning)
/lustre/home/d171/s1898201/miniconda3/lib/python3.7/site-packages/scipy/integrate/odepack.py:247: ODEintWarning: Excess work done on this call (perhaps wrong Dfun type). Run with full_output = 1 to get quantitative information.
  warnings.warn(warning_msg, ODEintWarning)
/lustre/home/d171/s1898201/miniconda3/lib/python3.7/site-packages/scipy/integrate/odepack.py:247: ODEintWarning: Excess work done on this call (perhaps wrong Dfun type). Run with full_output = 1 to get quantitative information.
  warnings.warn(warning_msg, ODEintWarning)
/lustre/home/d171/s1898201/miniconda3/lib/python3.7/site-packages/scipy/integrate/odepack.py:247: ODEintWarning: Excess work done on this call (perhaps wrong Dfun type). Run with full_output = 1 to get quantitative information.
  warnings.warn(warning_msg, ODEintWarning)
/lustre/home/d171/s1898201/miniconda3/lib/python3.7/site-packages/scipy/integrate/odepack.py:247: ODEintWarning: Excess work done on this call (perhaps wrong Dfun type). Run with full_output = 1 to get quantitative information.
  warnings.warn(warning_msg, ODEintWarning)
/lustre/home/d171/s1898201/miniconda3/lib/python3.7/site-packages/scipy/integrate/odepack.py:247: ODEintWarning: Excess work done on this call (perhaps wrong Dfun type). Run with full_output = 1 to get quantitative information.
  warnings.warn(warning_msg, ODEintWarning)
/lustre/home/d171/s1898201/miniconda3/lib/python3.7/site-packages/scipy/integrate/odepack.py:247: ODEintWarning: Excess work done on this call (perhaps wrong Dfun type). Run with full_output = 1 to get quantitative information.
  warnings.warn(warning_msg, ODEintWarning)
/lustre/home/d171/s1898201/miniconda3/lib/python3.7/site-packages/scipy/integrate/odepack.py:247: ODEintWarning: Excess work done on this call (perhaps wrong Dfun type). Run with full_output = 1 to get quantitative information.
  warnings.warn(warning_msg, ODEintWarning)
/lustre/home/d171/s1898201/miniconda3/lib/python3.7/site-packages/scipy/integrate/odepack.py:247: ODEintWarning: Excess work done on this call (perhaps wrong Dfun type). Run with full_output = 1 to get quantitative information.
  warnings.warn(warning_msg, ODEintWarning)
/lustre/home/d171/s1898201/miniconda3/lib/python3.7/site-packages/scipy/integrate/odepack.py:247: ODEintWarning: Excess work done on this call (perhaps wrong Dfun type). Run with full_output = 1 to get quantitative information.
  warnings.warn(warning_msg, ODEintWarning)
/lustre/home/d171/s1898201/miniconda3/lib/python3.7/site-packages/scipy/integrate/odepack.py:247: ODEintWarning: Excess work done on this call (perhaps wrong Dfun type). Run with full_output = 1 to get quantitative information.
  warnings.warn(warning_msg, ODEintWarning)
/lustre/home/d171/s1898201/miniconda3/lib/python3.7/site-packages/scipy/integrate/odepack.py:247: ODEintWarning: Excess work done on this call (perhaps wrong Dfun type). Run with full_output = 1 to get quantitative information.
  warnings.warn(warning_msg, ODEintWarning)
/lustre/home/d171/s1898201/miniconda3/lib/python3.7/site-packages/scipy/integrate/odepack.py:247: ODEintWarning: Excess work done on this call (perhaps wrong Dfun type). Run with full_output = 1 to get quantitative information.
  warnings.warn(warning_msg, ODEintWarning)
/lustre/home/d171/s1898201/miniconda3/lib/python3.7/site-packages/scipy/integrate/odepack.py:247: ODEintWarning: Excess work done on this call (perhaps wrong Dfun type). Run with full_output = 1 to get quantitative information.
  warnings.warn(warning_msg, ODEintWarning)
/lustre/home/d171/s1898201/miniconda3/lib/python3.7/site-packages/scipy/integrate/odepack.py:247: ODEintWarning: Excess work done on this call (perhaps wrong Dfun type). Run with full_output = 1 to get quantitative information.
  warnings.warn(warning_msg, ODEintWarning)
/lustre/home/d171/s1898201/miniconda3/lib/python3.7/site-packages/scipy/integrate/odepack.py:247: ODEintWarning: Excess work done on this call (perhaps wrong Dfun type). Run with full_output = 1 to get quantitative information.
  warnings.warn(warning_msg, ODEintWarning)
/lustre/home/d171/s1898201/miniconda3/lib/python3.7/site-packages/scipy/integrate/odepack.py:247: ODEintWarning: Excess work done on this call (perhaps wrong Dfun type). Run with full_output = 1 to get quantitative information.
  warnings.warn(warning_msg, ODEintWarning)
/lustre/home/d171/s1898201/miniconda3/lib/python3.7/site-packages/scipy/integrate/odepack.py:247: ODEintWarning: Excess work done on this call (perhaps wrong Dfun type). Run with full_output = 1 to get quantitative information.
  warnings.warn(warning_msg, ODEintWarning)
/lustre/home/d171/s1898201/miniconda3/lib/python3.7/site-packages/scipy/integrate/odepack.py:247: ODEintWarning: Excess work done on this call (perhaps wrong Dfun type). Run with full_output = 1 to get quantitative information.
  warnings.warn(warning_msg, ODEintWarning)
/lustre/home/d171/s1898201/miniconda3/lib/python3.7/site-packages/scipy/integrate/odepack.py:247: ODEintWarning: Excess work done on this call (perhaps wrong Dfun type). Run with full_output = 1 to get quantitative information.
  warnings.warn(warning_msg, ODEintWarning)
/lustre/home/d171/s1898201/miniconda3/lib/python3.7/site-packages/scipy/integrate/odepack.py:247: ODEintWarning: Excess work done on this call (perhaps wrong Dfun type). Run with full_output = 1 to get quantitative information.
  warnings.warn(warning_msg, ODEintWarning)
/lustre/home/d171/s1898201/miniconda3/lib/python3.7/site-packages/scipy/integrate/odepack.py:247: ODEintWarning: Excess work done on this call (perhaps wrong Dfun type). Run with full_output = 1 to get quantitative information.
  warnings.warn(warning_msg, ODEintWarning)
/lustre/home/d171/s1898201/miniconda3/lib/python3.7/site-packages/scipy/integrate/odepack.py:247: ODEintWarning: Excess work done on this call (perhaps wrong Dfun type). Run with full_output = 1 to get quantitative information.
  warnings.warn(warning_msg, ODEintWarning)
/lustre/home/d171/s1898201/miniconda3/lib/python3.7/site-packages/scipy/integrate/odepack.py:247: ODEintWarning: Excess work done on this call (perhaps wrong Dfun type). Run with full_output = 1 to get quantitative information.
  warnings.warn(warning_msg, ODEintWarning)
/lustre/home/d171/s1898201/miniconda3/lib/python3.7/site-packages/scipy/integrate/odepack.py:247: ODEintWarning: Excess work done on this call (perhaps wrong Dfun type). Run with full_output = 1 to get quantitative information.
  warnings.warn(warning_msg, ODEintWarning)
/lustre/home/d171/s1898201/miniconda3/lib/python3.7/site-packages/scipy/integrate/odepack.py:247: ODEintWarning: Excess work done on this call (perhaps wrong Dfun type). Run with full_output = 1 to get quantitative information.
  warnings.warn(warning_msg, ODEintWarning)
/lustre/home/d171/s1898201/miniconda3/lib/python3.7/site-packages/scipy/integrate/odepack.py:247: ODEintWarning: Excess work done on this call (perhaps wrong Dfun type). Run with full_output = 1 to get quantitative information.
  warnings.warn(warning_msg, ODEintWarning)
/lustre/home/d171/s1898201/miniconda3/lib/python3.7/site-packages/scipy/integrate/odepack.py:247: ODEintWarning: Excess work done on this call (perhaps wrong Dfun type). Run with full_output = 1 to get quantitative information.
  warnings.warn(warning_msg, ODEintWarning)
/lustre/home/d171/s1898201/miniconda3/lib/python3.7/site-packages/scipy/integrate/odepack.py:247: ODEintWarning: Excess work done on this call (perhaps wrong Dfun type). Run with full_output = 1 to get quantitative information.
  warnings.warn(warning_msg, ODEintWarning)
/lustre/home/d171/s1898201/miniconda3/lib/python3.7/site-packages/scipy/integrate/odepack.py:247: ODEintWarning: Excess work done on this call (perhaps wrong Dfun type). Run with full_output = 1 to get quantitative information.
  warnings.warn(warning_msg, ODEintWarning)
INFO:ABC:Acceptance rate: 10 / 12050 = 8.2988e-04, ESS=1.0000e+01.
INFO:ABC:t: 1, eps: 46.69285928792734.
/lustre/home/d171/s1898201/miniconda3/lib/python3.7/site-packages/scipy/integrate/odepack.py:247: ODEintWarning: Excess work done on this call (perhaps wrong Dfun type). Run with full_output = 1 to get quantitative information.
  warnings.warn(warning_msg, ODEintWarning)
/lustre/home/d171/s1898201/miniconda3/lib/python3.7/site-packages/scipy/integrate/odepack.py:247: ODEintWarning: Excess work done on this call (perhaps wrong Dfun type). Run with full_output = 1 to get quantitative information.
  warnings.warn(warning_msg, ODEintWarning)
/lustre/home/d171/s1898201/miniconda3/lib/python3.7/site-packages/scipy/integrate/odepack.py:247: ODEintWarning: Excess work done on this call (perhaps wrong Dfun type). Run with full_output = 1 to get quantitative information.
  warnings.warn(warning_msg, ODEintWarning)
INFO:ABC:Acceptance rate: 10 / 73 = 1.3699e-01, ESS=1.0001e+00.
INFO:ABC:t: 2, eps: 39.80552726630167.
/lustre/home/d171/s1898201/miniconda3/lib/python3.7/site-packages/scipy/integrate/odepack.py:247: ODEintWarning: Excess work done on this call (perhaps wrong Dfun type). Run with full_output = 1 to get quantitative information.
  warnings.warn(warning_msg, ODEintWarning)
/lustre/home/d171/s1898201/miniconda3/lib/python3.7/site-packages/scipy/integrate/odepack.py:247: ODEintWarning: Excess work done on this call (perhaps wrong Dfun type). Run with full_output = 1 to get quantitative information.
  warnings.warn(warning_msg, ODEintWarning)
/lustre/home/d171/s1898201/miniconda3/lib/python3.7/site-packages/scipy/integrate/odepack.py:247: ODEintWarning: Excess work done on this call (perhaps wrong Dfun type). Run with full_output = 1 to get quantitative information.
  warnings.warn(warning_msg, ODEintWarning)
/lustre/home/d171/s1898201/miniconda3/lib/python3.7/site-packages/scipy/integrate/odepack.py:247: ODEintWarning: Excess work done on this call (perhaps wrong Dfun type). Run with full_output = 1 to get quantitative information.
  warnings.warn(warning_msg, ODEintWarning)
/lustre/home/d171/s1898201/miniconda3/lib/python3.7/site-packages/scipy/integrate/odepack.py:247: ODEintWarning: Excess work done on this call (perhaps wrong Dfun type). Run with full_output = 1 to get quantitative information.
  warnings.warn(warning_msg, ODEintWarning)
/lustre/home/d171/s1898201/miniconda3/lib/python3.7/site-packages/scipy/integrate/odepack.py:247: ODEintWarning: Excess work done on this call (perhaps wrong Dfun type). Run with full_output = 1 to get quantitative information.
  warnings.warn(warning_msg, ODEintWarning)
INFO:ABC:Acceptance rate: 10 / 47 = 2.1277e-01, ESS=4.9243e+00.
INFO:ABC:t: 3, eps: 39.055889424156476.
/lustre/home/d171/s1898201/miniconda3/lib/python3.7/site-packages/scipy/integrate/odepack.py:247: ODEintWarning: Excess work done on this call (perhaps wrong Dfun type). Run with full_output = 1 to get quantitative information.
  warnings.warn(warning_msg, ODEintWarning)
/lustre/home/d171/s1898201/miniconda3/lib/python3.7/site-packages/scipy/integrate/odepack.py:247: ODEintWarning: Excess work done on this call (perhaps wrong Dfun type). Run with full_output = 1 to get quantitative information.
  warnings.warn(warning_msg, ODEintWarning)
/lustre/home/d171/s1898201/miniconda3/lib/python3.7/site-packages/scipy/integrate/odepack.py:247: ODEintWarning: Excess work done on this call (perhaps wrong Dfun type). Run with full_output = 1 to get quantitative information.
  warnings.warn(warning_msg, ODEintWarning)
INFO:ABC:Acceptance rate: 10 / 39 = 2.5641e-01, ESS=9.8570e+00.
INFO:ABC:t: 4, eps: 38.9638899405339.
INFO:ABC:Acceptance rate: 10 / 31 = 3.2258e-01, ESS=9.8279e+00.
INFO:ABC:t: 5, eps: 38.867640129326944.
INFO:ABC:Acceptance rate: 10 / 44 = 2.2727e-01, ESS=7.8078e+00.
INFO:ABC:t: 6, eps: 38.80090517891654.
INFO:ABC:Acceptance rate: 10 / 51 = 1.9608e-01, ESS=6.6402e+00.
INFO:ABC:t: 7, eps: 38.798008212497486.
INFO:ABC:Acceptance rate: 10 / 49 = 2.0408e-01, ESS=9.2588e+00.
INFO:ABC:t: 8, eps: 38.795973387988155.
INFO:ABC:Acceptance rate: 10 / 50 = 2.0000e-01, ESS=9.9904e+00.
INFO:ABC:t: 9, eps: 38.7953053265077.
INFO:ABC:Acceptance rate: 10 / 44 = 2.2727e-01, ESS=7.7274e+00.
INFO:ABC:t: 10, eps: 38.79521029155865.
INFO:ABC:Acceptance rate: 10 / 67 = 1.4925e-01, ESS=4.0490e+00.
INFO:ABC:t: 11, eps: 38.79520444376151.
INFO:ABC:Acceptance rate: 10 / 48 = 2.0833e-01, ESS=8.1161e+00.
INFO:ABC:t: 12, eps: 38.79519665507073.
INFO:ABC:Acceptance rate: 10 / 53 = 1.8868e-01, ESS=6.0612e+00.
INFO:ABC:t: 13, eps: 38.795193378040715.
INFO:ABC:Acceptance rate: 10 / 35 = 2.8571e-01, ESS=2.4937e+00.
INFO:ABC:t: 14, eps: 38.79518194497631.
INFO:ABC:Acceptance rate: 10 / 49 = 2.0408e-01, ESS=6.2586e+00.
INFO:ABC:t: 15, eps: 38.79517437956019.
INFO:ABC:Acceptance rate: 10 / 44 = 2.2727e-01, ESS=3.4965e+00.
INFO:ABC:t: 16, eps: 38.79516240645837.
INFO:ABC:Acceptance rate: 10 / 54 = 1.8519e-01, ESS=7.0746e+00.
INFO:ABC:t: 17, eps: 38.79515877377058.
INFO:ABC:Acceptance rate: 10 / 50 = 2.0000e-01, ESS=6.1895e+00.
INFO:ABC:t: 18, eps: 38.79515399390414.
INFO:ABC:Acceptance rate: 10 / 48 = 2.0833e-01, ESS=1.2728e+00.
INFO:ABC:t: 19, eps: 38.7951476823899.
INFO:ABC:Acceptance rate: 10 / 44 = 2.2727e-01, ESS=6.4807e+00.
INFO:ABC:t: 20, eps: 38.79514559015641.
INFO:ABC:Acceptance rate: 10 / 44 = 2.2727e-01, ESS=8.3446e+00.
INFO:ABC:t: 21, eps: 38.79514442099913.
INFO:ABC:Acceptance rate: 10 / 42 = 2.3810e-01, ESS=8.9163e+00.
INFO:ABC:t: 22, eps: 38.79514193188782.
INFO:ABC:Acceptance rate: 10 / 44 = 2.2727e-01, ESS=2.3201e+00.
INFO:ABC:t: 23, eps: 38.79513691746703.
INFO:ABC:Acceptance rate: 10 / 51 = 1.9608e-01, ESS=8.3473e+00.
INFO:ABC:t: 24, eps: 38.795136268633314.
INFO:ABC:Acceptance rate: 10 / 38 = 2.6316e-01, ESS=8.0462e+00.
INFO:History:Done <ABCSMC(id=2, start_time=2020-08-12 23:43:52.637371, end_time=2020-08-12 23:44:12.966907)>
