Target data
{'N': array([ 0.        ,  2.57295546,  5.14906228, 10.19919817, 24.97604824,
       25.43022653,  9.74938926,  5.10756876,  3.83800401,  3.53918004,
        3.56597094,  3.13158738,  3.98919206,  3.48284208,  3.1849038 ,
        3.73100344,  3.89372626,  3.85657809,  3.36299958,  3.70065919,
        3.4806259 ,  3.28494975,  3.51627429,  4.11085312,  3.12348431,
        4.12487989,  3.40616984,  3.33031042,  3.382717  ,  3.19334068]), 'M': array([ 0.        ,  0.65338517,  0.9885091 ,  1.92465635,  4.83633071,
       10.13350242, 13.47260515, 13.83018464, 14.10162413, 13.93746673,
       13.76175946, 14.47903994, 13.93682733, 13.35613659, 14.27920075,
       13.82081818, 13.93898919, 14.31898832, 14.02470683, 13.58205886,
       13.56047827, 14.37987742, 14.03772394, 13.70131508, 14.40653358,
       13.93586364, 13.68344723, 14.01411065, 13.86736085, 14.29617669]), 'B': array([ 1.        ,  0.86247118,  2.05946299,  6.23230619, 18.36987474,
       26.94930345, 12.45229766,  5.39417887,  3.49267192,  2.98043065,
        3.36270204,  2.93719949,  3.60820866,  2.92939912,  3.32010184,
        3.11498508,  3.31352861,  2.77212093,  3.20847268,  3.53389823,
        3.90692992,  3.24152307,  3.65472984,  3.50349458,  3.50875951,
        3.38364261,  3.25356609,  3.23628206,  3.23458633,  3.32900341]), 'A': array([1.        , 0.08223364, 0.34907363, 1.18148051, 2.49241245,
       5.42836273, 7.2819585 , 7.39250618, 7.65562222, 7.6275421 ,
       7.6655431 , 7.45970199, 7.3710906 , 7.49064048, 7.50729841,
       7.745047  , 7.54890361, 7.49488694, 7.40456402, 7.65826377,
       7.20005818, 7.59514641, 7.57411244, 7.53316081, 7.530432  ,
       7.56813023, 7.52899982, 7.31890754, 7.69612579, 7.71204607])}
<pyabc.acceptor.acceptor.UniformAcceptor object at 0x2aaad2e5fcf8>
<pyabc.distance.distance.PNormDistance object at 0x2aaad2e5fba8> 2
<pyabc.epsilon.epsilon.ListEpsilon object at 0x2aaad2e5f828>
[<SimpleModel non_noisy_model>]
<pyabc.populationstrategy.ConstantPopulationSize object at 0x2aaad2e5ff60> 2000
<pyabc.sampler.multicore_evaluation_parallel.MulticoreEvalParallelSampler object at 0x2aaad2e5f7f0> 48
[LocalTransition(k=100, k_fraction=None)]
sqlite:///MNN_100.db
Generations: 20
Minimum eps: 2.452
Application 40795764 resources: utime ~19556s, stime ~82s, Rss ~911156, inblocks ~758800, outblocks ~2032206
