


 MNN kernel test
 Fixed eps, 2000 particles, 20 generations



Target data
{'N': array([ 0.        ,  2.74580608,  5.43001688, 11.49230573, 25.10451164,
       25.58298924,  9.68301814,  4.89404845,  3.30312743,  3.45677805,
        3.47463862,  3.72524189,  3.44034442,  3.52200154,  3.29676563,
        3.9588366 ,  3.7926045 ,  4.04664267,  3.45825306,  3.88879567,
        3.51588714,  3.41659429,  3.38666922,  3.63564658,  3.31740186,
        3.56878339,  3.98168098,  3.51020279,  3.46417946,  3.46927183]), 'M': array([ 0.        ,  0.43591991,  0.93257647,  2.02110953,  5.0552081 ,
       10.17264416, 12.98618065, 13.98147918, 14.211404  , 13.69743681,
       13.87464088, 13.53241279, 13.95145542, 14.11213509, 13.4897648 ,
       14.10009234, 13.97703866, 14.23406685, 14.11882365, 13.57167525,
       13.91374781, 13.85440143, 13.72250578, 13.64091572, 13.98551876,
       13.84949869, 13.83513457, 14.06792288, 14.0508947 , 14.04357015]), 'B': array([ 1.        ,  0.76073936,  1.77538415,  6.02016253, 17.3313601 ,
       27.00329652, 12.66285057,  5.70035086,  3.5543364 ,  3.37920162,
        3.05811092,  3.13560015,  3.7940138 ,  3.62706041,  3.67288126,
        3.04325771,  3.23665638,  2.94599088,  3.29836593,  3.13152839,
        3.62425272,  3.46698145,  2.93350891,  3.62220218,  3.86381062,
        3.18331417,  3.58436265,  3.54080831,  3.50533193,  3.23565829]), 'A': array([1.        , 0.24372023, 0.39048182, 1.24403577, 2.41061505,
       5.61236767, 7.15724356, 7.57455694, 7.51656123, 7.59115774,
       7.30326429, 7.35643064, 7.4422882 , 7.74180812, 7.44925849,
       7.64159484, 7.43785175, 7.48551953, 7.42815963, 7.44554077,
       7.6055672 , 7.61009254, 7.49123727, 7.56370449, 7.50296105,
       7.49595128, 7.55717834, 7.45134691, 7.53008637, 7.56358128])}
<pyabc.acceptor.acceptor.UniformAcceptor object at 0x2aaad3061c88>
<pyabc.distance.distance.PNormDistance object at 0x2aaad3061b38> 2
<pyabc.epsilon.epsilon.ListEpsilon object at 0x2aaad30617b8>
[<SimpleModel non_noisy_model>]
<pyabc.populationstrategy.ConstantPopulationSize object at 0x2aaad3061ef0> 2000
<pyabc.sampler.multicore_evaluation_parallel.MulticoreEvalParallelSampler object at 0x2aaad3061780> 48
[MultivariateNormalTransition(scaling=0.5)]
sqlite:///MNN_base_scale.db
Generations: 20
Minimum eps: 2.369
Application 40797430 resources: utime ~11413s, stime ~85s, Rss ~907376, inblocks ~772285, outblocks ~2035084
