Target data
{'N': array([ 0.        ,  2.4958821 ,  4.8409401 , 10.44863099, 25.08995877,
       25.51012774,  9.89369035,  4.87920079,  4.06056183,  3.18528637,
        3.67927772,  3.61059841,  2.99484776,  3.45175346,  3.944533  ,
        3.79529128,  3.31241896,  3.38044308,  3.36188073,  3.94399032,
        3.51011666,  3.65568923,  3.57954146,  3.31412368,  3.46363444,
        3.4499688 ,  4.11409426,  3.71509442,  3.69470318,  3.41722291]), 'M': array([ 0.        ,  0.50159204,  0.89230145,  2.04045909,  4.42245454,
       10.01452457, 13.19476095, 13.69969562, 14.2546723 , 13.79313604,
       14.07179242, 14.13862527, 13.51808654, 13.88572849, 13.94528033,
       13.97867389, 14.07778076, 14.0122852 , 13.94485278, 13.62233424,
       13.32545468, 13.759154  , 13.76877169, 13.85674305, 14.22071083,
       13.95974024, 13.75554127, 13.98024193, 14.09935717, 13.77351412]), 'B': array([ 1.        ,  0.62860055,  2.1184509 ,  5.76531696, 17.8025805 ,
       27.25331779, 11.92787129,  5.6071919 ,  3.2745855 ,  3.56185678,
        3.17247246,  3.62752933,  3.27961755,  3.1522215 ,  3.06429591,
        2.94256587,  3.36313417,  3.4375937 ,  3.2659756 ,  3.43715584,
        3.00727836,  2.85137798,  3.45004071,  3.0501839 ,  2.64522315,
        3.05264352,  3.42449945,  3.27826303,  2.91362492,  2.8966766 ]), 'A': array([1.        , 0.33993282, 0.65508563, 1.2488659 , 2.49369429,
       5.39426307, 7.13383951, 7.34094762, 7.73269404, 7.41074365,
       7.54869907, 7.76969692, 7.51539479, 7.44057905, 7.45821566,
       7.51846196, 7.59607051, 7.74459807, 7.59173178, 7.58157132,
       7.35274264, 7.32807455, 7.31250581, 7.61673328, 7.47050339,
       7.29899201, 7.35476113, 7.40068875, 7.47692114, 7.61522594])}
<pyabc.acceptor.acceptor.UniformAcceptor object at 0x2aaad2e55d68>
<pyabc.distance.distance.PNormDistance object at 0x2aaad2e55c18> 2
<pyabc.epsilon.epsilon.ListEpsilon object at 0x2aaad2e55898>
[<SimpleModel non_noisy_model>]
<pyabc.populationstrategy.ConstantPopulationSize object at 0x2aaad2e55fd0> 2000
<pyabc.sampler.multicore_evaluation_parallel.MulticoreEvalParallelSampler object at 0x2aaad2e55860> 48
[LocalTransition(k=750, k_fraction=None)]
sqlite:///MNN_750.db
Generations: 20
Minimum eps: 2.344
Application 40796164 resources: utime ~45096s, stime ~80s, Rss ~910456, inblocks ~760503, outblocks ~2031811
