


 MNN kernel test
 Fixed eps, 2000 particles, 20 generations



Target data
{'N': array([ 0.        ,  2.24531912,  4.81916476, 10.6873703 , 24.97872786,
       25.37009037, 10.01497117,  5.32245027,  4.56157801,  3.60805483,
        3.76772182,  3.5713282 ,  4.21192026,  3.14612877,  3.58629917,
        4.12827594,  3.86168534,  3.37309794,  3.41086271,  3.60299028,
        3.79507981,  3.18938209,  3.3975242 ,  3.38610295,  4.0055271 ,
        3.22430986,  3.64674316,  3.57820557,  3.65601969,  3.14174695]), 'M': array([ 0.        ,  1.31563719,  1.49773587,  1.94320514,  4.37891406,
       10.07452002, 13.42587517, 14.14994588, 14.58171956, 14.43656561,
       14.18094845, 13.40626994, 13.86044113, 13.54044109, 13.78663633,
       14.21219094, 13.82847078, 13.41443999, 13.73858879, 13.75139732,
       14.14753723, 14.10353932, 13.41981266, 13.87765428, 13.70805206,
       13.40319128, 13.7550616 , 14.35137245, 14.24671141, 13.77474088]), 'B': array([ 1.        ,  0.90738197,  2.12305437,  5.43312311, 17.97061372,
       26.7607518 , 12.21628795,  5.59131526,  3.70845318,  3.38310053,
        3.06429426,  3.86524651,  3.39873787,  3.41643131,  3.47159557,
        3.10514202,  3.0760156 ,  3.02826827,  3.70456378,  3.24520741,
        3.02020704,  3.26420706,  3.27842271,  3.3486771 ,  3.50839308,
        3.85268968,  3.20572696,  3.56002432,  3.28040191,  3.44534418]), 'A': array([1.        , 0.29228447, 0.69458221, 1.1901109 , 2.54118188,
       5.60183807, 7.01064936, 7.65983166, 7.54684304, 7.62536836,
       7.61623258, 7.62605145, 7.42000281, 7.39890511, 7.68655559,
       7.47935646, 7.5999293 , 7.50126879, 7.65209471, 7.43529517,
       7.06510373, 7.52603512, 7.5389047 , 7.43974509, 7.62582297,
       7.4231112 , 7.48283796, 7.65858723, 7.36738139, 7.34791849])}
<pyabc.acceptor.acceptor.UniformAcceptor object at 0x2aaad2e60cf8>
<pyabc.distance.distance.PNormDistance object at 0x2aaad2e60ba8> 2
<pyabc.epsilon.epsilon.ListEpsilon object at 0x2aaad2e60828>
[<SimpleModel non_noisy_model>]
<pyabc.populationstrategy.ConstantPopulationSize object at 0x2aaad2e60f28> 2000
<pyabc.sampler.multicore_evaluation_parallel.MulticoreEvalParallelSampler object at 0x2aaad2e60898> 48
[MultivariateNormalTransition()]
sqlite:///MNN_base.db
Generations: 20
Minimum eps: 2.389
Application 40795574 resources: utime ~23007s, stime ~88s, Rss ~906620, inblocks ~772436, outblocks ~2034404
