INFO:Sampler:Parallelizing the sampling on 72 cores.
INFO:History:Start <ABCSMC(id=1, start_time=2020-07-19 21:57:19.489965, end_time=None)>
INFO:ABC:t: 0, eps: 50.



 Base
 Median eps, 2000 particles, 20 generations



Target data
{0: 0.0, 1: 0.0, 2: 1.0, 3: 1.0, 4: 1.4521431367050166, 5: 0.36023119063315406, 6: 1.6882393576552213, 7: 0.15668876227118497, 8: 3.343105342272139, 9: 0.7444093566914065, 10: 3.321604380185495, 11: 0.3458614657988524, 12: 9.542846810645223, 13: 1.6667425873021766, 14: 8.385535496505739, 15: 0.8137796376822735, 16: 26.010689000267973, 17: 4.352857484915739, 18: 20.290844421992198, 19: 2.1836988921887497, 20: 25.324399270755883, 21: 10.768967932230781, 22: 23.734006833365502, 23: 5.536624927691036, 24: 13.22325300923544, 25: 14.403698865860548, 26: 14.635769537791493, 27: 7.473673909898375, 28: 7.040149594751008, 29: 15.374114853131701, 30: 7.973466309698738, 31: 8.00511368180381, 32: 4.077973287395014, 33: 15.035947743463524, 34: 4.357735545131282, 35: 7.839795325805405, 36: 2.6220302000069973, 37: 14.228261626409108, 38: 2.5238133058465095, 39: 7.422149871195219, 40: 1.8971210880776235, 41: 13.345625079009052, 42: 1.6087934126560257, 43: 6.962095542233395, 44: 1.5433192235147097, 45: 12.547378207363634, 46: 1.1585651099121286, 47: 6.5447622679890864, 48: 1.3858798810829034, 49: 11.88372281777364, 50: 0.9477670519542893, 51: 6.197247584524758, 52: 1.3359778388648564, 53: 11.35806592849198, 54: 0.864318503113226, 55: 5.921715142592334, 56: 1.3459970659278069, 57: 10.95574607090698, 58: 0.850529962547487, 59: 5.710665265454015, 60: 1.3887530098841183, 61: 10.656718682416573, 62: 0.8749780023181687, 63: 5.553685557910514, 64: 1.5121825189333773, 65: 10.290158763892123, 66: 0.972248091002149, 67: 5.361030290856496, 68: 1.6329903029359327, 69: 10.124771716967357, 70: 1.0772705686533377, 71: 5.273904046329052, 72: 1.7234966484376226, 73: 10.067511977442754, 74: 1.1596785975438884, 75: 5.243586711988476, 76: 1.7798013187416768, 77: 10.060339703238945, 78: 1.2128429279680026, 79: 5.239646978225756, 80: 1.809165140923843, 81: 10.071003790339411, 82: 1.2416490188224303, 83: 5.245146692610297, 84: 1.8214484180221107, 85: 10.08419743282744, 86: 1.2543769937923832, 87: 5.252027016771485, 88: 1.824751355156269, 89: 10.094343899998616, 90: 1.258309897808997, 91: 5.25733771558335, 92: 1.8242683690669683, 93: 10.1005713955269, 94: 1.2583281651788312, 95: 5.260605163651615, 96: 1.822742573890518, 97: 10.103750705246584, 98: 1.2571156092049025, 99: 5.262277343933879, 100: 1.821337946435791, 101: 10.105046241981828, 102: 1.2558735739021132, 103: 5.262961223929968, 104: 1.8203823745857666, 105: 10.105373650799521, 106: 1.2549859534617538, 107: 5.263135959452472, 108: 1.8198466963217375, 109: 10.105302536319897, 110: 1.2544687906072787, 111: 5.2631003634747895, 112: 1.8195567104566959, 113: 10.104773131335886, 114: 1.2541511212592085, 115: 5.262823644340155, 116: 1.8195727418290542, 117: 10.104779967708142, 118: 1.2541669597113758, 119: 5.262827178733407}
uniform
<pyabc.acceptor.acceptor.UniformAcceptor object at 0x149650507510>
<pyabc.distance.distance.PNormDistance object at 0x14964de2df10> 2
<pyabc.epsilon.epsilon.MedianEpsilon object at 0x14964de2dfd0>
[<SimpleModel ode_model1>]
<pyabc.populationstrategy.ConstantPopulationSize object at 0x14964de30390> 2000
<pyabc.sampler.multicore_evaluation_parallel.MulticoreEvalParallelSampler object at 0x14964de30210> 72
[MultivariateNormalTransition()]
sqlite:///dbfiles/ib_base.db
Generations: 20
Minimum eps: 4.000
/lustre/home/d171/s1898201/miniconda3/lib/python3.7/site-packages/scipy/integrate/odepack.py:247: ODEintWarning: Excess work done on this call (perhaps wrong Dfun type). Run with full_output = 1 to get quantitative information.
  warnings.warn(warning_msg, ODEintWarning)
/lustre/home/d171/s1898201/miniconda3/lib/python3.7/site-packages/scipy/integrate/odepack.py:247: ODEintWarning: Excess work done on this call (perhaps wrong Dfun type). Run with full_output = 1 to get quantitative information.
  warnings.warn(warning_msg, ODEintWarning)
/lustre/home/d171/s1898201/miniconda3/lib/python3.7/site-packages/scipy/integrate/odepack.py:247: ODEintWarning: Excess work done on this call (perhaps wrong Dfun type). Run with full_output = 1 to get quantitative information.
  warnings.warn(warning_msg, ODEintWarning)
/lustre/home/d171/s1898201/miniconda3/lib/python3.7/site-packages/scipy/integrate/odepack.py:247: ODEintWarning: Excess work done on this call (perhaps wrong Dfun type). Run with full_output = 1 to get quantitative information.
  warnings.warn(warning_msg, ODEintWarning)
/lustre/home/d171/s1898201/miniconda3/lib/python3.7/site-packages/scipy/integrate/odepack.py:247: ODEintWarning: Excess work done on this call (perhaps wrong Dfun type). Run with full_output = 1 to get quantitative information.
  warnings.warn(warning_msg, ODEintWarning)
/lustre/home/d171/s1898201/miniconda3/lib/python3.7/site-packages/scipy/integrate/odepack.py:247: ODEintWarning: Excess work done on this call (perhaps wrong Dfun type). Run with full_output = 1 to get quantitative information.
  warnings.warn(warning_msg, ODEintWarning)
/lustre/home/d171/s1898201/miniconda3/lib/python3.7/site-packages/scipy/integrate/odepack.py:247: ODEintWarning: Excess work done on this call (perhaps wrong Dfun type). Run with full_output = 1 to get quantitative information.
  warnings.warn(warning_msg, ODEintWarning)
/lustre/home/d171/s1898201/miniconda3/lib/python3.7/site-packages/scipy/integrate/odepack.py:247: ODEintWarning: Excess work done on this call (perhaps wrong Dfun type). Run with full_output = 1 to get quantitative information.
  warnings.warn(warning_msg, ODEintWarning)
/lustre/home/d171/s1898201/miniconda3/lib/python3.7/site-packages/scipy/integrate/odepack.py:247: ODEintWarning: Excess work done on this call (perhaps wrong Dfun type). Run with full_output = 1 to get quantitative information.
  warnings.warn(warning_msg, ODEintWarning)
/lustre/home/d171/s1898201/miniconda3/lib/python3.7/site-packages/scipy/integrate/odepack.py:247: ODEintWarning: Excess work done on this call (perhaps wrong Dfun type). Run with full_output = 1 to get quantitative information.
  warnings.warn(warning_msg, ODEintWarning)
/lustre/home/d171/s1898201/miniconda3/lib/python3.7/site-packages/scipy/integrate/odepack.py:247: ODEintWarning: Excess work done on this call (perhaps wrong Dfun type). Run with full_output = 1 to get quantitative information.
  warnings.warn(warning_msg, ODEintWarning)
/lustre/home/d171/s1898201/miniconda3/lib/python3.7/site-packages/scipy/integrate/odepack.py:247: ODEintWarning: Excess work done on this call (perhaps wrong Dfun type). Run with full_output = 1 to get quantitative information.
  warnings.warn(warning_msg, ODEintWarning)
/lustre/home/d171/s1898201/miniconda3/lib/python3.7/site-packages/scipy/integrate/odepack.py:247: ODEintWarning: Excess work done on this call (perhaps wrong Dfun type). Run with full_output = 1 to get quantitative information.
  warnings.warn(warning_msg, ODEintWarning)
INFO:ABC:Acceptance rate: 2000 / 307029 = 6.5140e-03, ESS=2.0000e+03.
INFO:ABC:t: 1, eps: 47.88907916741396.
INFO:ABC:Acceptance rate: 2000 / 13481 = 1.4836e-01, ESS=2.2701e+02.
INFO:ABC:t: 2, eps: 45.613869392770376.
INFO:ABC:Acceptance rate: 2000 / 22216 = 9.0025e-02, ESS=1.5264e+02.
INFO:ABC:t: 3, eps: 43.521829589591015.
INFO:ABC:Acceptance rate: 2000 / 22362 = 8.9437e-02, ESS=5.0927e+02.
INFO:ABC:t: 4, eps: 41.218526919612714.
/lustre/home/d171/s1898201/miniconda3/lib/python3.7/site-packages/scipy/integrate/odepack.py:247: ODEintWarning: Excess work done on this call (perhaps wrong Dfun type). Run with full_output = 1 to get quantitative information.
  warnings.warn(warning_msg, ODEintWarning)
/lustre/home/d171/s1898201/miniconda3/lib/python3.7/site-packages/scipy/integrate/odepack.py:247: ODEintWarning: Excess work done on this call (perhaps wrong Dfun type). Run with full_output = 1 to get quantitative information.
  warnings.warn(warning_msg, ODEintWarning)
/lustre/home/d171/s1898201/miniconda3/lib/python3.7/site-packages/scipy/integrate/odepack.py:247: ODEintWarning: Excess work done on this call (perhaps wrong Dfun type). Run with full_output = 1 to get quantitative information.
  warnings.warn(warning_msg, ODEintWarning)
/lustre/home/d171/s1898201/miniconda3/lib/python3.7/site-packages/scipy/integrate/odepack.py:247: ODEintWarning: Excess work done on this call (perhaps wrong Dfun type). Run with full_output = 1 to get quantitative information.
  warnings.warn(warning_msg, ODEintWarning)
INFO:ABC:Acceptance rate: 2000 / 21803 = 9.1730e-02, ESS=3.6214e+02.
INFO:ABC:t: 5, eps: 38.78937520907791.
/lustre/home/d171/s1898201/miniconda3/lib/python3.7/site-packages/scipy/integrate/odepack.py:247: ODEintWarning: Excess work done on this call (perhaps wrong Dfun type). Run with full_output = 1 to get quantitative information.
  warnings.warn(warning_msg, ODEintWarning)
/lustre/home/d171/s1898201/miniconda3/lib/python3.7/site-packages/scipy/integrate/odepack.py:247: ODEintWarning: Excess work done on this call (perhaps wrong Dfun type). Run with full_output = 1 to get quantitative information.
  warnings.warn(warning_msg, ODEintWarning)
INFO:ABC:Acceptance rate: 2000 / 23764 = 8.4161e-02, ESS=8.6822e+01.
INFO:ABC:t: 6, eps: 35.977780091193544.
/lustre/home/d171/s1898201/miniconda3/lib/python3.7/site-packages/scipy/integrate/odepack.py:247: ODEintWarning: Excess work done on this call (perhaps wrong Dfun type). Run with full_output = 1 to get quantitative information.
  warnings.warn(warning_msg, ODEintWarning)
/lustre/home/d171/s1898201/miniconda3/lib/python3.7/site-packages/scipy/integrate/odepack.py:247: ODEintWarning: Excess work done on this call (perhaps wrong Dfun type). Run with full_output = 1 to get quantitative information.
  warnings.warn(warning_msg, ODEintWarning)
INFO:ABC:Acceptance rate: 2000 / 33986 = 5.8848e-02, ESS=4.7660e+02.
INFO:ABC:t: 7, eps: 33.60686070832577.
/lustre/home/d171/s1898201/miniconda3/lib/python3.7/site-packages/scipy/integrate/odepack.py:247: ODEintWarning: Excess work done on this call (perhaps wrong Dfun type). Run with full_output = 1 to get quantitative information.
  warnings.warn(warning_msg, ODEintWarning)
/lustre/home/d171/s1898201/miniconda3/lib/python3.7/site-packages/scipy/integrate/odepack.py:247: ODEintWarning: Excess work done on this call (perhaps wrong Dfun type). Run with full_output = 1 to get quantitative information.
  warnings.warn(warning_msg, ODEintWarning)
/lustre/home/d171/s1898201/miniconda3/lib/python3.7/site-packages/scipy/integrate/odepack.py:247: ODEintWarning: Excess work done on this call (perhaps wrong Dfun type). Run with full_output = 1 to get quantitative information.
  warnings.warn(warning_msg, ODEintWarning)
INFO:ABC:Acceptance rate: 2000 / 24085 = 8.3039e-02, ESS=4.3238e+02.
INFO:ABC:t: 8, eps: 31.374217030375966.
INFO:ABC:Acceptance rate: 2000 / 18473 = 1.0827e-01, ESS=4.0657e+02.
INFO:ABC:t: 9, eps: 29.11539393911285.
/lustre/home/d171/s1898201/miniconda3/lib/python3.7/site-packages/scipy/integrate/odepack.py:247: ODEintWarning: Excess work done on this call (perhaps wrong Dfun type). Run with full_output = 1 to get quantitative information.
  warnings.warn(warning_msg, ODEintWarning)
INFO:ABC:Acceptance rate: 2000 / 25286 = 7.9095e-02, ESS=5.4003e+02.
INFO:ABC:t: 10, eps: 26.765644429484947.
INFO:ABC:Acceptance rate: 2000 / 23759 = 8.4179e-02, ESS=1.3284e+02.
INFO:ABC:t: 11, eps: 25.121543502907663.
INFO:ABC:Acceptance rate: 2000 / 31394 = 6.3706e-02, ESS=7.0730e+02.
INFO:ABC:t: 12, eps: 23.217594531148038.
INFO:ABC:Acceptance rate: 2000 / 23243 = 8.6047e-02, ESS=4.9669e+02.
INFO:ABC:t: 13, eps: 21.419549206462392.
INFO:ABC:Acceptance rate: 2000 / 30700 = 6.5147e-02, ESS=2.4641e+02.
INFO:ABC:t: 14, eps: 19.94753659333866.
INFO:ABC:Acceptance rate: 2000 / 32398 = 6.1732e-02, ESS=5.1327e+02.
INFO:ABC:t: 15, eps: 18.506931882682565.
INFO:ABC:Acceptance rate: 2000 / 31101 = 6.4307e-02, ESS=2.4704e+02.
INFO:ABC:t: 16, eps: 17.38682638617032.
INFO:ABC:Acceptance rate: 2000 / 35057 = 5.7050e-02, ESS=1.4953e+02.
INFO:ABC:t: 17, eps: 16.14972476014058.
INFO:ABC:Acceptance rate: 2000 / 38084 = 5.2515e-02, ESS=2.6522e+02.
INFO:ABC:t: 18, eps: 15.235292521544833.
INFO:ABC:Acceptance rate: 2000 / 37485 = 5.3355e-02, ESS=5.2361e+02.
INFO:ABC:t: 19, eps: 14.224805742794638.
INFO:ABC:Acceptance rate: 2000 / 30186 = 6.6256e-02, ESS=3.4865e+02.
INFO:History:Done <ABCSMC(id=1, start_time=2020-07-19 21:57:19.489965, end_time=2020-07-19 22:32:51.391563)>
