INFO:Sampler:Parallelizing the sampling on 72 cores.
INFO:History:Start <ABCSMC(id=1, start_time=2020-08-12 19:57:14.548421, end_time=None)>
INFO:ABC:t: 0, eps: 50.



 Base
 Median eps, 2000 particles, 20 generations



Target data
{0: 0.0, 1: 0.0, 2: 1.0, 3: 1.0, 4: 1.4521431367050166, 5: 0.36023119063315406, 6: 1.6882393576552213, 7: 0.15668876227118497, 8: 3.343105342272139, 9: 0.7444093566914065, 10: 3.321604380185495, 11: 0.3458614657988524, 12: 9.542846810645223, 13: 1.6667425873021766, 14: 8.385535496505739, 15: 0.8137796376822735, 16: 26.010689000267973, 17: 4.352857484915739, 18: 20.290844421992198, 19: 2.1836988921887497, 20: 25.324399270755883, 21: 10.768967932230781, 22: 23.734006833365502, 23: 5.536624927691036, 24: 13.22325300923544, 25: 14.403698865860548, 26: 14.635769537791493, 27: 7.473673909898375, 28: 7.040149594751008, 29: 15.374114853131701, 30: 7.973466309698738, 31: 8.00511368180381, 32: 4.077973287395014, 33: 15.035947743463524, 34: 4.357735545131282, 35: 7.839795325805405, 36: 2.6220302000069973, 37: 14.228261626409108, 38: 2.5238133058465095, 39: 7.422149871195219, 40: 1.8971210880776235, 41: 13.345625079009052, 42: 1.6087934126560257, 43: 6.962095542233395, 44: 1.5433192235147097, 45: 12.547378207363634, 46: 1.1585651099121286, 47: 6.5447622679890864, 48: 1.3858798810829034, 49: 11.88372281777364, 50: 0.9477670519542893, 51: 6.197247584524758, 52: 1.3359778388648564, 53: 11.35806592849198, 54: 0.864318503113226, 55: 5.921715142592334, 56: 1.3459970659278069, 57: 10.95574607090698, 58: 0.850529962547487, 59: 5.710665265454015, 60: 1.3887530098841183, 61: 10.656718682416573, 62: 0.8749780023181687, 63: 5.553685557910514, 64: 1.5121825189333773, 65: 10.290158763892123, 66: 0.972248091002149, 67: 5.361030290856496, 68: 1.6329903029359327, 69: 10.124771716967357, 70: 1.0772705686533377, 71: 5.273904046329052, 72: 1.7234966484376226, 73: 10.067511977442754, 74: 1.1596785975438884, 75: 5.243586711988476, 76: 1.7798013187416768, 77: 10.060339703238945, 78: 1.2128429279680026, 79: 5.239646978225756, 80: 1.809165140923843, 81: 10.071003790339411, 82: 1.2416490188224303, 83: 5.245146692610297, 84: 1.8214484180221107, 85: 10.08419743282744, 86: 1.2543769937923832, 87: 5.252027016771485, 88: 1.824751355156269, 89: 10.094343899998616, 90: 1.258309897808997, 91: 5.25733771558335, 92: 1.8242683690669683, 93: 10.1005713955269, 94: 1.2583281651788312, 95: 5.260605163651615, 96: 1.822742573890518, 97: 10.103750705246584, 98: 1.2571156092049025, 99: 5.262277343933879, 100: 1.821337946435791, 101: 10.105046241981828, 102: 1.2558735739021132, 103: 5.262961223929968, 104: 1.8203823745857666, 105: 10.105373650799521, 106: 1.2549859534617538, 107: 5.263135959452472, 108: 1.8198466963217375, 109: 10.105302536319897, 110: 1.2544687906072787, 111: 5.2631003634747895, 112: 1.8195567104566959, 113: 10.104773131335886, 114: 1.2541511212592085, 115: 5.262823644340155, 116: 1.8195727418290542, 117: 10.104779967708142, 118: 1.2541669597113758, 119: 5.262827178733407}
Factors applied: range factor
{0: 0.7487780863335579, 4: 0.7487780863335579, 8: 0.7487780863335579, 12: 0.7487780863335579, 16: 0.7487780863335579, 20: 0.7487780863335579, 24: 0.7487780863335579, 28: 0.7487780863335579, 32: 0.7487780863335579, 36: 0.7487780863335579, 40: 0.7487780863335579, 44: 0.7487780863335579, 48: 0.7487780863335579, 52: 0.7487780863335579, 56: 0.7487780863335579, 60: 0.7487780863335579, 64: 0.7487780863335579, 68: 0.7487780863335579, 72: 0.7487780863335579, 76: 0.7487780863335579, 80: 0.7487780863335579, 84: 0.7487780863335579, 88: 0.7487780863335579, 92: 0.7487780863335579, 96: 0.7487780863335579, 100: 0.7487780863335579, 104: 0.7487780863335579, 108: 0.7487780863335579, 112: 0.7487780863335579, 116: 0.7487780863335579, 1: 1.0149550140335268, 5: 1.0149550140335268, 9: 1.0149550140335268, 13: 1.0149550140335268, 17: 1.0149550140335268, 21: 1.0149550140335268, 25: 1.0149550140335268, 29: 1.0149550140335268, 33: 1.0149550140335268, 37: 1.0149550140335268, 41: 1.0149550140335268, 45: 1.0149550140335268, 49: 1.0149550140335268, 53: 1.0149550140335268, 57: 1.0149550140335268, 61: 1.0149550140335268, 65: 1.0149550140335268, 69: 1.0149550140335268, 73: 1.0149550140335268, 77: 1.0149550140335268, 81: 1.0149550140335268, 85: 1.0149550140335268, 89: 1.0149550140335268, 93: 1.0149550140335268, 97: 1.0149550140335268, 101: 1.0149550140335268, 105: 1.0149550140335268, 109: 1.0149550140335268, 113: 1.0149550140335268, 117: 1.0149550140335268, 2: 0.6990633968022938, 6: 0.6990633968022938, 10: 0.6990633968022938, 14: 0.6990633968022938, 18: 0.6990633968022938, 22: 0.6990633968022938, 26: 0.6990633968022938, 30: 0.6990633968022938, 34: 0.6990633968022938, 38: 0.6990633968022938, 42: 0.6990633968022938, 46: 0.6990633968022938, 50: 0.6990633968022938, 54: 0.6990633968022938, 58: 0.6990633968022938, 62: 0.6990633968022938, 66: 0.6990633968022938, 70: 0.6990633968022938, 74: 0.6990633968022938, 78: 0.6990633968022938, 82: 0.6990633968022938, 86: 0.6990633968022938, 90: 0.6990633968022938, 94: 0.6990633968022938, 98: 0.6990633968022938, 102: 0.6990633968022938, 106: 0.6990633968022938, 110: 0.6990633968022938, 114: 0.6990633968022938, 118: 0.6990633968022938, 3: 1.5372035028306206, 7: 1.5372035028306206, 11: 1.5372035028306206, 15: 1.5372035028306206, 19: 1.5372035028306206, 23: 1.5372035028306206, 27: 1.5372035028306206, 31: 1.5372035028306206, 35: 1.5372035028306206, 39: 1.5372035028306206, 43: 1.5372035028306206, 47: 1.5372035028306206, 51: 1.5372035028306206, 55: 1.5372035028306206, 59: 1.5372035028306206, 63: 1.5372035028306206, 67: 1.5372035028306206, 71: 1.5372035028306206, 75: 1.5372035028306206, 79: 1.5372035028306206, 83: 1.5372035028306206, 87: 1.5372035028306206, 91: 1.5372035028306206, 95: 1.5372035028306206, 99: 1.5372035028306206, 103: 1.5372035028306206, 107: 1.5372035028306206, 111: 1.5372035028306206, 115: 1.5372035028306206, 119: 1.5372035028306206}
uniform
<pyabc.acceptor.acceptor.UniformAcceptor object at 0x148ed548c950>
<pyabc.distance.distance.PNormDistance object at 0x148ed2dcf850> 2
<pyabc.epsilon.epsilon.MedianEpsilon object at 0x148ed2dcfe10>
[<SimpleModel ode_model1>]
<pyabc.populationstrategy.ConstantPopulationSize object at 0x148ed2dcfb50> 2000
<pyabc.sampler.multicore_evaluation_parallel.MulticoreEvalParallelSampler object at 0x148ed2dcffd0> 72
[MultivariateNormalTransition()]
sqlite:///dbfiles/ib_factor2.db
Generations: 20
Minimum eps: 4.000
/lustre/home/d171/s1898201/miniconda3/lib/python3.7/site-packages/scipy/integrate/odepack.py:247: ODEintWarning: Excess work done on this call (perhaps wrong Dfun type). Run with full_output = 1 to get quantitative information.
  warnings.warn(warning_msg, ODEintWarning)
INFO:ABC:Acceptance rate: 2000 / 14088 = 1.4196e-01, ESS=2.0000e+03.
INFO:ABC:t: 1, eps: 45.515283951289085.
INFO:ABC:Acceptance rate: 2000 / 5742 = 3.4831e-01, ESS=1.3419e+02.
INFO:ABC:t: 2, eps: 42.93408547978886.
INFO:ABC:Acceptance rate: 2000 / 7628 = 2.6219e-01, ESS=4.4686e+02.
INFO:ABC:t: 3, eps: 41.29678746133921.
INFO:ABC:Acceptance rate: 2000 / 8701 = 2.2986e-01, ESS=4.4387e+02.
INFO:ABC:t: 4, eps: 39.5381423071296.
INFO:ABC:Acceptance rate: 2000 / 9236 = 2.1654e-01, ESS=2.5483e+02.
INFO:ABC:t: 5, eps: 38.050967463981436.
/lustre/home/d171/s1898201/miniconda3/lib/python3.7/site-packages/scipy/integrate/odepack.py:247: ODEintWarning: Excess work done on this call (perhaps wrong Dfun type). Run with full_output = 1 to get quantitative information.
  warnings.warn(warning_msg, ODEintWarning)
INFO:ABC:Acceptance rate: 2000 / 10177 = 1.9652e-01, ESS=4.7558e+02.
INFO:ABC:t: 6, eps: 36.05453228599378.
INFO:ABC:Acceptance rate: 2000 / 10967 = 1.8237e-01, ESS=4.5501e+02.
INFO:ABC:t: 7, eps: 34.214257016893825.
INFO:ABC:Acceptance rate: 2000 / 11693 = 1.7104e-01, ESS=1.2769e+02.
INFO:ABC:t: 8, eps: 32.295492991429526.
/lustre/home/d171/s1898201/miniconda3/lib/python3.7/site-packages/scipy/integrate/odepack.py:247: ODEintWarning: Excess work done on this call (perhaps wrong Dfun type). Run with full_output = 1 to get quantitative information.
  warnings.warn(warning_msg, ODEintWarning)
INFO:ABC:Acceptance rate: 2000 / 13799 = 1.4494e-01, ESS=6.2698e+02.
INFO:ABC:t: 9, eps: 30.18771933949544.
INFO:ABC:Acceptance rate: 2000 / 12599 = 1.5874e-01, ESS=2.3010e+02.
INFO:ABC:t: 10, eps: 28.188935671856008.
INFO:ABC:Acceptance rate: 2000 / 14597 = 1.3701e-01, ESS=2.6907e+02.
INFO:ABC:t: 11, eps: 26.403967988696422.
/lustre/home/d171/s1898201/miniconda3/lib/python3.7/site-packages/scipy/integrate/odepack.py:247: ODEintWarning: Excess work done on this call (perhaps wrong Dfun type). Run with full_output = 1 to get quantitative information.
  warnings.warn(warning_msg, ODEintWarning)
/lustre/home/d171/s1898201/miniconda3/lib/python3.7/site-packages/scipy/integrate/odepack.py:247: ODEintWarning: Excess work done on this call (perhaps wrong Dfun type). Run with full_output = 1 to get quantitative information.
  warnings.warn(warning_msg, ODEintWarning)
INFO:ABC:Acceptance rate: 2000 / 15249 = 1.3116e-01, ESS=5.1890e+02.
INFO:ABC:t: 12, eps: 24.511505424262833.
/lustre/home/d171/s1898201/miniconda3/lib/python3.7/site-packages/scipy/integrate/odepack.py:247: ODEintWarning: Excess work done on this call (perhaps wrong Dfun type). Run with full_output = 1 to get quantitative information.
  warnings.warn(warning_msg, ODEintWarning)
/lustre/home/d171/s1898201/miniconda3/lib/python3.7/site-packages/scipy/integrate/odepack.py:247: ODEintWarning: Excess work done on this call (perhaps wrong Dfun type). Run with full_output = 1 to get quantitative information.
  warnings.warn(warning_msg, ODEintWarning)
/lustre/home/d171/s1898201/miniconda3/lib/python3.7/site-packages/scipy/integrate/odepack.py:247: ODEintWarning: Excess work done on this call (perhaps wrong Dfun type). Run with full_output = 1 to get quantitative information.
  warnings.warn(warning_msg, ODEintWarning)
INFO:ABC:Acceptance rate: 2000 / 15781 = 1.2673e-01, ESS=3.1639e+02.
INFO:ABC:t: 13, eps: 22.459474831471507.
/lustre/home/d171/s1898201/miniconda3/lib/python3.7/site-packages/scipy/integrate/odepack.py:247: ODEintWarning: Excess work done on this call (perhaps wrong Dfun type). Run with full_output = 1 to get quantitative information.
  warnings.warn(warning_msg, ODEintWarning)
INFO:ABC:Acceptance rate: 2000 / 15885 = 1.2590e-01, ESS=3.8237e+02.
INFO:ABC:t: 14, eps: 20.576591754809215.
INFO:ABC:Acceptance rate: 2000 / 17004 = 1.1762e-01, ESS=4.6858e+02.
INFO:ABC:t: 15, eps: 19.073908727274098.
/lustre/home/d171/s1898201/miniconda3/lib/python3.7/site-packages/scipy/integrate/odepack.py:247: ODEintWarning: Excess work done on this call (perhaps wrong Dfun type). Run with full_output = 1 to get quantitative information.
  warnings.warn(warning_msg, ODEintWarning)
INFO:ABC:Acceptance rate: 2000 / 18430 = 1.0852e-01, ESS=3.7497e+02.
INFO:ABC:t: 16, eps: 17.817868535873878.
INFO:ABC:Acceptance rate: 2000 / 19502 = 1.0255e-01, ESS=2.8735e+02.
INFO:ABC:t: 17, eps: 16.424591970729747.
/lustre/home/d171/s1898201/miniconda3/lib/python3.7/site-packages/scipy/integrate/odepack.py:247: ODEintWarning: Excess work done on this call (perhaps wrong Dfun type). Run with full_output = 1 to get quantitative information.
  warnings.warn(warning_msg, ODEintWarning)
INFO:ABC:Acceptance rate: 2000 / 21615 = 9.2528e-02, ESS=4.3022e+02.
INFO:ABC:t: 18, eps: 15.233043482982417.
INFO:ABC:Acceptance rate: 2000 / 20300 = 9.8522e-02, ESS=2.0570e+01.
INFO:ABC:t: 19, eps: 13.786621870811379.
INFO:ABC:Acceptance rate: 2000 / 43791 = 4.5671e-02, ESS=3.4940e+02.
INFO:History:Done <ABCSMC(id=1, start_time=2020-08-12 19:57:14.548421, end_time=2020-08-12 20:33:22.331313)>
