INFO:Sampler:Parallelizing the sampling on 72 cores.
INFO:History:Start <ABCSMC(id=1, start_time=2020-07-23 16:32:17.286787, end_time=None)>
INFO:ABC:t: 0, eps: 50.



 Base
 Median eps, 2000 particles, 20 generations



Target data
{0: 0.0, 1: 0.0, 2: 1.0, 3: 1.0, 4: 1.4521431367050166, 5: 0.36023119063315406, 6: 1.6882393576552213, 7: 0.15668876227118497, 8: 3.343105342272139, 9: 0.7444093566914065, 10: 3.321604380185495, 11: 0.3458614657988524, 12: 9.542846810645223, 13: 1.6667425873021766, 14: 8.385535496505739, 15: 0.8137796376822735, 16: 26.010689000267973, 17: 4.352857484915739, 18: 20.290844421992198, 19: 2.1836988921887497, 20: 25.324399270755883, 21: 10.768967932230781, 22: 23.734006833365502, 23: 5.536624927691036, 24: 13.22325300923544, 25: 14.403698865860548, 26: 14.635769537791493, 27: 7.473673909898375, 28: 7.040149594751008, 29: 15.374114853131701, 30: 7.973466309698738, 31: 8.00511368180381, 32: 4.077973287395014, 33: 15.035947743463524, 34: 4.357735545131282, 35: 7.839795325805405, 36: 2.6220302000069973, 37: 14.228261626409108, 38: 2.5238133058465095, 39: 7.422149871195219, 40: 1.8971210880776235, 41: 13.345625079009052, 42: 1.6087934126560257, 43: 6.962095542233395, 44: 1.5433192235147097, 45: 12.547378207363634, 46: 1.1585651099121286, 47: 6.5447622679890864, 48: 1.3858798810829034, 49: 11.88372281777364, 50: 0.9477670519542893, 51: 6.197247584524758, 52: 1.3359778388648564, 53: 11.35806592849198, 54: 0.864318503113226, 55: 5.921715142592334, 56: 1.3459970659278069, 57: 10.95574607090698, 58: 0.850529962547487, 59: 5.710665265454015, 60: 1.3887530098841183, 61: 10.656718682416573, 62: 0.8749780023181687, 63: 5.553685557910514, 64: 1.5121825189333773, 65: 10.290158763892123, 66: 0.972248091002149, 67: 5.361030290856496, 68: 1.6329903029359327, 69: 10.124771716967357, 70: 1.0772705686533377, 71: 5.273904046329052, 72: 1.7234966484376226, 73: 10.067511977442754, 74: 1.1596785975438884, 75: 5.243586711988476, 76: 1.7798013187416768, 77: 10.060339703238945, 78: 1.2128429279680026, 79: 5.239646978225756, 80: 1.809165140923843, 81: 10.071003790339411, 82: 1.2416490188224303, 83: 5.245146692610297, 84: 1.8214484180221107, 85: 10.08419743282744, 86: 1.2543769937923832, 87: 5.252027016771485, 88: 1.824751355156269, 89: 10.094343899998616, 90: 1.258309897808997, 91: 5.25733771558335, 92: 1.8242683690669683, 93: 10.1005713955269, 94: 1.2583281651788312, 95: 5.260605163651615, 96: 1.822742573890518, 97: 10.103750705246584, 98: 1.2571156092049025, 99: 5.262277343933879, 100: 1.821337946435791, 101: 10.105046241981828, 102: 1.2558735739021132, 103: 5.262961223929968, 104: 1.8203823745857666, 105: 10.105373650799521, 106: 1.2549859534617538, 107: 5.263135959452472, 108: 1.8198466963217375, 109: 10.105302536319897, 110: 1.2544687906072787, 111: 5.2631003634747895, 112: 1.8195567104566959, 113: 10.104773131335886, 114: 1.2541511212592085, 115: 5.262823644340155, 116: 1.8195727418290542, 117: 10.104779967708142, 118: 1.2541669597113758, 119: 5.262827178733407}
uniform
<pyabc.acceptor.acceptor.UniformAcceptor object at 0x14b7e3179c10>
<pyabc.distance.distance.PNormDistance object at 0x14b7e0ca7c90> 2
<pyabc.epsilon.epsilon.MedianEpsilon object at 0x14b7e0ca79d0>
[<SimpleModel ode_model1>]
<pyabc.populationstrategy.ConstantPopulationSize object at 0x14b7e0cb4650> 2000
<pyabc.sampler.multicore_evaluation_parallel.MulticoreEvalParallelSampler object at 0x14b7e0cb4290> 72
[MultivariateNormalTransition()]
sqlite:///dbfiles/ib_base.db
Generations: 20
Minimum eps: 4.000
/lustre/home/d171/s1898201/miniconda3/lib/python3.7/site-packages/scipy/integrate/odepack.py:247: ODEintWarning: Excess work done on this call (perhaps wrong Dfun type). Run with full_output = 1 to get quantitative information.
  warnings.warn(warning_msg, ODEintWarning)
/lustre/home/d171/s1898201/miniconda3/lib/python3.7/site-packages/scipy/integrate/odepack.py:247: ODEintWarning: Excess work done on this call (perhaps wrong Dfun type). Run with full_output = 1 to get quantitative information.
  warnings.warn(warning_msg, ODEintWarning)
/lustre/home/d171/s1898201/miniconda3/lib/python3.7/site-packages/scipy/integrate/odepack.py:247: ODEintWarning: Excess work done on this call (perhaps wrong Dfun type). Run with full_output = 1 to get quantitative information.
  warnings.warn(warning_msg, ODEintWarning)
/lustre/home/d171/s1898201/miniconda3/lib/python3.7/site-packages/scipy/integrate/odepack.py:247: ODEintWarning: Excess work done on this call (perhaps wrong Dfun type). Run with full_output = 1 to get quantitative information.
  warnings.warn(warning_msg, ODEintWarning)
/lustre/home/d171/s1898201/miniconda3/lib/python3.7/site-packages/scipy/integrate/odepack.py:247: ODEintWarning: Excess work done on this call (perhaps wrong Dfun type). Run with full_output = 1 to get quantitative information.
  warnings.warn(warning_msg, ODEintWarning)
/lustre/home/d171/s1898201/miniconda3/lib/python3.7/site-packages/scipy/integrate/odepack.py:247: ODEintWarning: Excess work done on this call (perhaps wrong Dfun type). Run with full_output = 1 to get quantitative information.
  warnings.warn(warning_msg, ODEintWarning)
/lustre/home/d171/s1898201/miniconda3/lib/python3.7/site-packages/scipy/integrate/odepack.py:247: ODEintWarning: Excess work done on this call (perhaps wrong Dfun type). Run with full_output = 1 to get quantitative information.
  warnings.warn(warning_msg, ODEintWarning)
/lustre/home/d171/s1898201/miniconda3/lib/python3.7/site-packages/scipy/integrate/odepack.py:247: ODEintWarning: Excess work done on this call (perhaps wrong Dfun type). Run with full_output = 1 to get quantitative information.
  warnings.warn(warning_msg, ODEintWarning)
/lustre/home/d171/s1898201/miniconda3/lib/python3.7/site-packages/scipy/integrate/odepack.py:247: ODEintWarning: Excess work done on this call (perhaps wrong Dfun type). Run with full_output = 1 to get quantitative information.
  warnings.warn(warning_msg, ODEintWarning)
/lustre/home/d171/s1898201/miniconda3/lib/python3.7/site-packages/scipy/integrate/odepack.py:247: ODEintWarning: Excess work done on this call (perhaps wrong Dfun type). Run with full_output = 1 to get quantitative information.
  warnings.warn(warning_msg, ODEintWarning)
/lustre/home/d171/s1898201/miniconda3/lib/python3.7/site-packages/scipy/integrate/odepack.py:247: ODEintWarning: Excess work done on this call (perhaps wrong Dfun type). Run with full_output = 1 to get quantitative information.
  warnings.warn(warning_msg, ODEintWarning)
/lustre/home/d171/s1898201/miniconda3/lib/python3.7/site-packages/scipy/integrate/odepack.py:247: ODEintWarning: Excess work done on this call (perhaps wrong Dfun type). Run with full_output = 1 to get quantitative information.
  warnings.warn(warning_msg, ODEintWarning)
/lustre/home/d171/s1898201/miniconda3/lib/python3.7/site-packages/scipy/integrate/odepack.py:247: ODEintWarning: Excess work done on this call (perhaps wrong Dfun type). Run with full_output = 1 to get quantitative information.
  warnings.warn(warning_msg, ODEintWarning)
/lustre/home/d171/s1898201/miniconda3/lib/python3.7/site-packages/scipy/integrate/odepack.py:247: ODEintWarning: Excess work done on this call (perhaps wrong Dfun type). Run with full_output = 1 to get quantitative information.
  warnings.warn(warning_msg, ODEintWarning)
/lustre/home/d171/s1898201/miniconda3/lib/python3.7/site-packages/scipy/integrate/odepack.py:247: ODEintWarning: Excess work done on this call (perhaps wrong Dfun type). Run with full_output = 1 to get quantitative information.
  warnings.warn(warning_msg, ODEintWarning)
/lustre/home/d171/s1898201/miniconda3/lib/python3.7/site-packages/scipy/integrate/odepack.py:247: ODEintWarning: Excess work done on this call (perhaps wrong Dfun type). Run with full_output = 1 to get quantitative information.
  warnings.warn(warning_msg, ODEintWarning)
/lustre/home/d171/s1898201/miniconda3/lib/python3.7/site-packages/scipy/integrate/odepack.py:247: ODEintWarning: Excess work done on this call (perhaps wrong Dfun type). Run with full_output = 1 to get quantitative information.
  warnings.warn(warning_msg, ODEintWarning)
/lustre/home/d171/s1898201/miniconda3/lib/python3.7/site-packages/scipy/integrate/odepack.py:247: ODEintWarning: Excess work done on this call (perhaps wrong Dfun type). Run with full_output = 1 to get quantitative information.
  warnings.warn(warning_msg, ODEintWarning)
/lustre/home/d171/s1898201/miniconda3/lib/python3.7/site-packages/scipy/integrate/odepack.py:247: ODEintWarning: Excess work done on this call (perhaps wrong Dfun type). Run with full_output = 1 to get quantitative information.
  warnings.warn(warning_msg, ODEintWarning)
/lustre/home/d171/s1898201/miniconda3/lib/python3.7/site-packages/scipy/integrate/odepack.py:247: ODEintWarning: Excess work done on this call (perhaps wrong Dfun type). Run with full_output = 1 to get quantitative information.
  warnings.warn(warning_msg, ODEintWarning)
/lustre/home/d171/s1898201/miniconda3/lib/python3.7/site-packages/scipy/integrate/odepack.py:247: ODEintWarning: Excess work done on this call (perhaps wrong Dfun type). Run with full_output = 1 to get quantitative information.
  warnings.warn(warning_msg, ODEintWarning)
/lustre/home/d171/s1898201/miniconda3/lib/python3.7/site-packages/scipy/integrate/odepack.py:247: ODEintWarning: Excess work done on this call (perhaps wrong Dfun type). Run with full_output = 1 to get quantitative information.
  warnings.warn(warning_msg, ODEintWarning)
/lustre/home/d171/s1898201/miniconda3/lib/python3.7/site-packages/scipy/integrate/odepack.py:247: ODEintWarning: Excess work done on this call (perhaps wrong Dfun type). Run with full_output = 1 to get quantitative information.
  warnings.warn(warning_msg, ODEintWarning)
/lustre/home/d171/s1898201/miniconda3/lib/python3.7/site-packages/scipy/integrate/odepack.py:247: ODEintWarning: Excess work done on this call (perhaps wrong Dfun type). Run with full_output = 1 to get quantitative information.
  warnings.warn(warning_msg, ODEintWarning)
/lustre/home/d171/s1898201/miniconda3/lib/python3.7/site-packages/scipy/integrate/odepack.py:247: ODEintWarning: Excess work done on this call (perhaps wrong Dfun type). Run with full_output = 1 to get quantitative information.
  warnings.warn(warning_msg, ODEintWarning)
/lustre/home/d171/s1898201/miniconda3/lib/python3.7/site-packages/scipy/integrate/odepack.py:247: ODEintWarning: Excess work done on this call (perhaps wrong Dfun type). Run with full_output = 1 to get quantitative information.
  warnings.warn(warning_msg, ODEintWarning)
/lustre/home/d171/s1898201/miniconda3/lib/python3.7/site-packages/scipy/integrate/odepack.py:247: ODEintWarning: Excess work done on this call (perhaps wrong Dfun type). Run with full_output = 1 to get quantitative information.
  warnings.warn(warning_msg, ODEintWarning)
/lustre/home/d171/s1898201/miniconda3/lib/python3.7/site-packages/scipy/integrate/odepack.py:247: ODEintWarning: Excess work done on this call (perhaps wrong Dfun type). Run with full_output = 1 to get quantitative information.
  warnings.warn(warning_msg, ODEintWarning)
/lustre/home/d171/s1898201/miniconda3/lib/python3.7/site-packages/scipy/integrate/odepack.py:247: ODEintWarning: Excess work done on this call (perhaps wrong Dfun type). Run with full_output = 1 to get quantitative information.
  warnings.warn(warning_msg, ODEintWarning)
/lustre/home/d171/s1898201/miniconda3/lib/python3.7/site-packages/scipy/integrate/odepack.py:247: ODEintWarning: Excess work done on this call (perhaps wrong Dfun type). Run with full_output = 1 to get quantitative information.
  warnings.warn(warning_msg, ODEintWarning)
/lustre/home/d171/s1898201/miniconda3/lib/python3.7/site-packages/scipy/integrate/odepack.py:247: ODEintWarning: Excess work done on this call (perhaps wrong Dfun type). Run with full_output = 1 to get quantitative information.
  warnings.warn(warning_msg, ODEintWarning)
/lustre/home/d171/s1898201/miniconda3/lib/python3.7/site-packages/scipy/integrate/odepack.py:247: ODEintWarning: Excess work done on this call (perhaps wrong Dfun type). Run with full_output = 1 to get quantitative information.
  warnings.warn(warning_msg, ODEintWarning)
/lustre/home/d171/s1898201/miniconda3/lib/python3.7/site-packages/scipy/integrate/odepack.py:247: ODEintWarning: Excess work done on this call (perhaps wrong Dfun type). Run with full_output = 1 to get quantitative information.
  warnings.warn(warning_msg, ODEintWarning)
/lustre/home/d171/s1898201/miniconda3/lib/python3.7/site-packages/scipy/integrate/odepack.py:247: ODEintWarning: Excess work done on this call (perhaps wrong Dfun type). Run with full_output = 1 to get quantitative information.
  warnings.warn(warning_msg, ODEintWarning)
/lustre/home/d171/s1898201/miniconda3/lib/python3.7/site-packages/scipy/integrate/odepack.py:247: ODEintWarning: Excess work done on this call (perhaps wrong Dfun type). Run with full_output = 1 to get quantitative information.
  warnings.warn(warning_msg, ODEintWarning)
INFO:ABC:Acceptance rate: 2000 / 168581 = 1.1864e-02, ESS=2.0000e+03.
INFO:ABC:t: 1, eps: 47.42935684592397.
/lustre/home/d171/s1898201/miniconda3/lib/python3.7/site-packages/scipy/integrate/odepack.py:247: ODEintWarning: Excess work done on this call (perhaps wrong Dfun type). Run with full_output = 1 to get quantitative information.
  warnings.warn(warning_msg, ODEintWarning)
INFO:ABC:Acceptance rate: 2000 / 9140 = 2.1882e-01, ESS=3.4070e+02.
INFO:ABC:t: 2, eps: 44.72603065086113.
/lustre/home/d171/s1898201/miniconda3/lib/python3.7/site-packages/scipy/integrate/odepack.py:247: ODEintWarning: Excess work done on this call (perhaps wrong Dfun type). Run with full_output = 1 to get quantitative information.
  warnings.warn(warning_msg, ODEintWarning)
INFO:ABC:Acceptance rate: 2000 / 10597 = 1.8873e-01, ESS=4.1768e+02.
INFO:ABC:t: 3, eps: 42.28598735770051.
/lustre/home/d171/s1898201/miniconda3/lib/python3.7/site-packages/scipy/integrate/odepack.py:247: ODEintWarning: Excess work done on this call (perhaps wrong Dfun type). Run with full_output = 1 to get quantitative information.
  warnings.warn(warning_msg, ODEintWarning)
INFO:ABC:Acceptance rate: 2000 / 10126 = 1.9751e-01, ESS=6.0776e+02.
INFO:ABC:t: 4, eps: 39.34162325576714.
INFO:ABC:Acceptance rate: 2000 / 10532 = 1.8990e-01, ESS=5.6211e+02.
INFO:ABC:t: 5, eps: 36.35322904029274.
INFO:ABC:Acceptance rate: 2000 / 12609 = 1.5862e-01, ESS=1.8199e+02.
INFO:ABC:t: 6, eps: 33.6993281519367.
INFO:ABC:Acceptance rate: 2000 / 14773 = 1.3538e-01, ESS=6.1951e+01.
INFO:ABC:t: 7, eps: 31.555357565700373.
/lustre/home/d171/s1898201/miniconda3/lib/python3.7/site-packages/scipy/integrate/odepack.py:247: ODEintWarning: Excess work done on this call (perhaps wrong Dfun type). Run with full_output = 1 to get quantitative information.
  warnings.warn(warning_msg, ODEintWarning)
/lustre/home/d171/s1898201/miniconda3/lib/python3.7/site-packages/scipy/integrate/odepack.py:247: ODEintWarning: Excess work done on this call (perhaps wrong Dfun type). Run with full_output = 1 to get quantitative information.
  warnings.warn(warning_msg, ODEintWarning)
INFO:ABC:Acceptance rate: 2000 / 18116 = 1.1040e-01, ESS=6.0561e+02.
INFO:ABC:t: 8, eps: 29.238390920639784.
/lustre/home/d171/s1898201/miniconda3/lib/python3.7/site-packages/scipy/integrate/odepack.py:247: ODEintWarning: Excess work done on this call (perhaps wrong Dfun type). Run with full_output = 1 to get quantitative information.
  warnings.warn(warning_msg, ODEintWarning)
INFO:ABC:Acceptance rate: 2000 / 14186 = 1.4098e-01, ESS=2.1371e+02.
INFO:ABC:t: 9, eps: 27.27823621131132.
INFO:ABC:Acceptance rate: 2000 / 16237 = 1.2318e-01, ESS=2.1691e+02.
INFO:ABC:t: 10, eps: 24.653871365307815.
/lustre/home/d171/s1898201/miniconda3/lib/python3.7/site-packages/scipy/integrate/odepack.py:247: ODEintWarning: Excess work done on this call (perhaps wrong Dfun type). Run with full_output = 1 to get quantitative information.
  warnings.warn(warning_msg, ODEintWarning)
/lustre/home/d171/s1898201/miniconda3/lib/python3.7/site-packages/scipy/integrate/odepack.py:247: ODEintWarning: Excess work done on this call (perhaps wrong Dfun type). Run with full_output = 1 to get quantitative information.
  warnings.warn(warning_msg, ODEintWarning)
/lustre/home/d171/s1898201/miniconda3/lib/python3.7/site-packages/scipy/integrate/odepack.py:247: ODEintWarning: Excess work done on this call (perhaps wrong Dfun type). Run with full_output = 1 to get quantitative information.
  warnings.warn(warning_msg, ODEintWarning)
INFO:ABC:Acceptance rate: 2000 / 19345 = 1.0339e-01, ESS=4.4642e+02.
INFO:ABC:t: 11, eps: 22.543456385643132.
/lustre/home/d171/s1898201/miniconda3/lib/python3.7/site-packages/scipy/integrate/odepack.py:247: ODEintWarning: Excess work done on this call (perhaps wrong Dfun type). Run with full_output = 1 to get quantitative information.
  warnings.warn(warning_msg, ODEintWarning)
/lustre/home/d171/s1898201/miniconda3/lib/python3.7/site-packages/scipy/integrate/odepack.py:247: ODEintWarning: Excess work done on this call (perhaps wrong Dfun type). Run with full_output = 1 to get quantitative information.
  warnings.warn(warning_msg, ODEintWarning)
INFO:ABC:Acceptance rate: 2000 / 21142 = 9.4598e-02, ESS=1.6124e+02.
INFO:ABC:t: 12, eps: 20.84761412897442.
INFO:ABC:Acceptance rate: 2000 / 24338 = 8.2176e-02, ESS=3.3912e+02.
INFO:ABC:t: 13, eps: 19.205927234070245.
/lustre/home/d171/s1898201/miniconda3/lib/python3.7/site-packages/scipy/integrate/odepack.py:247: ODEintWarning: Excess work done on this call (perhaps wrong Dfun type). Run with full_output = 1 to get quantitative information.
  warnings.warn(warning_msg, ODEintWarning)
INFO:ABC:Acceptance rate: 2000 / 25150 = 7.9523e-02, ESS=5.6318e+02.
INFO:ABC:t: 14, eps: 17.76591995255132.
INFO:ABC:Acceptance rate: 2000 / 24182 = 8.2706e-02, ESS=5.9771e+02.
INFO:ABC:t: 15, eps: 16.28779182869528.
/lustre/home/d171/s1898201/miniconda3/lib/python3.7/site-packages/scipy/integrate/odepack.py:247: ODEintWarning: Excess work done on this call (perhaps wrong Dfun type). Run with full_output = 1 to get quantitative information.
  warnings.warn(warning_msg, ODEintWarning)
INFO:ABC:Acceptance rate: 2000 / 26113 = 7.6590e-02, ESS=4.2590e+01.
INFO:ABC:t: 16, eps: 15.340565541461354.
/lustre/home/d171/s1898201/miniconda3/lib/python3.7/site-packages/scipy/integrate/odepack.py:247: ODEintWarning: Excess work done on this call (perhaps wrong Dfun type). Run with full_output = 1 to get quantitative information.
  warnings.warn(warning_msg, ODEintWarning)
INFO:ABC:Acceptance rate: 2000 / 31028 = 6.4458e-02, ESS=2.8508e+02.
INFO:ABC:t: 17, eps: 14.328679042619694.
INFO:ABC:Acceptance rate: 2000 / 27312 = 7.3228e-02, ESS=3.7222e+02.
INFO:ABC:t: 18, eps: 13.343091885100709.
INFO:ABC:Acceptance rate: 2000 / 27192 = 7.3551e-02, ESS=2.4652e+02.
INFO:ABC:t: 19, eps: 12.407214165281664.
INFO:ABC:Acceptance rate: 2000 / 36624 = 5.4609e-02, ESS=2.7032e+02.
INFO:History:Done <ABCSMC(id=1, start_time=2020-07-23 16:32:17.286787, end_time=2020-07-23 17:06:48.960227)>
