


 Adaptive population test
 Fixed eps, 2000 initial particles, 20 generations



Target data
{'N': array([ 0.        ,  2.67208039,  4.74973165, 10.81708473, 25.26129234,
       25.89092333, 10.18356005,  4.8921617 ,  3.65829518,  3.3373545 ,
        3.57773149,  4.06737126,  4.06970797,  3.3002598 ,  3.06467668,
        3.61473727,  3.50108062,  3.66288581,  3.83320785,  3.79003094,
        3.45958986,  3.10322701,  3.64164511,  3.43113006,  3.11443078,
        4.50940611,  3.28680954,  3.44886129,  3.50011291,  3.63069283]), 'M': array([ 0.        ,  0.41467211,  1.08071577,  2.23041517,  4.81920395,
       10.37300419, 13.33897401, 13.91074282, 13.6716524 , 14.10817649,
       13.82711641, 14.05216395, 13.97331329, 13.77523443, 13.46896018,
       13.97100855, 13.59178853, 14.31827115, 14.03725828, 13.95508487,
       14.17905026, 13.90209539, 14.084039  , 13.95328742, 13.87672697,
       13.92548596, 13.84441753, 13.4049495 , 13.71145152, 13.22247799]), 'B': array([ 1.        ,  1.19856066,  1.86740661,  6.05902692, 17.41936747,
       26.54435839, 12.18831793,  5.65821228,  3.84267331,  3.14686567,
        3.01235288,  3.28861173,  3.54322906,  3.64468519,  3.44162087,
        3.43170007,  2.98117165,  3.18808068,  3.59502233,  3.48821271,
        3.68591711,  2.99180794,  3.15652312,  3.11634695,  3.47862864,
        3.04396398,  3.2969637 ,  3.52253226,  3.59080277,  3.40964188]), 'A': array([1.        , 0.36841327, 0.59454607, 1.16173867, 2.36141593,
       5.50995808, 7.02750087, 7.72139157, 7.76133177, 7.59701505,
       7.6420875 , 7.51661088, 7.52433905, 7.38294836, 7.54066352,
       7.36415412, 7.49830253, 7.68299356, 7.63318452, 7.29469185,
       7.44243987, 7.34788317, 7.54587598, 7.37709329, 7.5330192 ,
       7.56173293, 7.45435184, 7.57917263, 7.54258955, 7.50398426])}
<pyabc.acceptor.acceptor.UniformAcceptor object at 0x2aaad4e44898>
<pyabc.distance.distance.PNormDistance object at 0x2aaad4e444e0> 2
<pyabc.epsilon.epsilon.ListEpsilon object at 0x2aaad4e44198>
[<SimpleModel non_noisy_model>]
<pyabc.populationstrategy.AdaptivePopulationSize object at 0x2aaad4e44278> 2000
<pyabc.sampler.multicore_evaluation_parallel.MulticoreEvalParallelSampler object at 0x2aaad4e44208> 48
[MultivariateNormalTransition()]
sqlite:///AdptPop.db
Generations: 20
Minimum eps: 2.387
Application 40796644 exit signals: Terminated
Application 40796644 resources: utime ~16978s, stime ~47s, Rss ~1969540, inblocks ~485527, outblocks ~1626028
