Target data
{'N': array([ 0.        ,  2.13721601,  4.89743913, 10.586256  , 25.23424369,
       25.20073182,  9.56120642,  4.54926783,  4.56970572,  2.83418884,
        3.61743395,  3.44656603,  3.38252786,  3.35802384,  3.05964667,
        3.63624512,  3.59682435,  3.24753741,  2.93377308,  3.80284559,
        4.16360684,  3.71219356,  3.04865594,  3.36213459,  3.28992758,
        3.49531826,  3.08062157,  3.48736064,  3.26697089,  3.2288952 ]), 'M': array([ 0.        ,  0.60102169,  0.98300246,  2.50780689,  5.06043997,
       10.50479403, 13.58501514, 14.08432245, 13.82527684, 14.25530205,
       13.98279963, 14.14178597, 13.94172692, 13.56982684, 13.91276922,
       14.00217561, 14.11985489, 13.94029552, 14.0066244 , 13.88897587,
       14.06857186, 14.15950436, 13.92788029, 13.73548672, 13.78460772,
       14.02663255, 13.96196081, 13.93363613, 14.2832539 , 13.39746347]), 'B': array([ 1.        ,  0.87832119,  2.44799541,  5.50752899, 18.11745376,
       26.85488856, 12.14841745,  5.5324831 ,  4.0377682 ,  3.3339284 ,
        3.12715946,  3.37398335,  3.39731524,  3.56678115,  3.9319467 ,
        3.57686342,  3.69890339,  3.19935269,  3.5493386 ,  3.69984941,
        3.02590323,  3.17331865,  2.79461422,  3.56377542,  3.31923809,
        2.76152719,  2.85261413,  3.82331806,  3.82492248,  3.46496763]), 'A': array([1.        , 0.12290658, 0.6466944 , 1.1940156 , 2.52329222,
       5.36575917, 7.28219725, 7.53950702, 7.58271396, 7.69843826,
       7.73816703, 7.37343964, 7.75417827, 7.46665916, 7.57010703,
       7.32800518, 7.45608948, 7.45867534, 7.5605444 , 7.23096974,
       7.37600838, 7.61066738, 7.5705373 , 7.64928714, 7.58987731,
       7.51735291, 7.44574846, 7.44510752, 7.35601062, 7.28725561])}
<pyabc.acceptor.acceptor.UniformAcceptor object at 0x2aaad2e62d30>
<pyabc.distance.distance.PNormDistance object at 0x2aaad2e62be0> 2
<pyabc.epsilon.epsilon.ListEpsilon object at 0x2aaad2e62860>
[<SimpleModel non_noisy_model>]
<pyabc.populationstrategy.ConstantPopulationSize object at 0x2aaad2e62f98> 2000
<pyabc.sampler.multicore_evaluation_parallel.MulticoreEvalParallelSampler object at 0x2aaad2e62828> 48
[LocalTransition(k=500, k_fraction=None)]
sqlite:///MNN_500.db
Generations: 20
Minimum eps: 2.406
Application 40796072 resources: utime ~36310s, stime ~82s, Rss ~912968, inblocks ~759930, outblocks ~2031973
