Target data
{'N': array([ 0.        ,  2.01303483,  4.86442509, 10.50140223, 24.8377639 ,
       25.03613867, 10.16937045,  4.54644715,  3.38771104,  3.02830939,
        3.19300365,  3.21341719,  3.43232866,  4.07059672,  3.41578792,
        3.79602257,  3.5038812 ,  3.59949046,  3.82419055,  3.32816981,
        3.32906249,  3.38021101,  2.99228536,  3.58927837,  3.56919597,
        3.27007539,  3.36451357,  3.82687138,  3.37739333,  3.44794895]), 'M': array([ 0.        ,  0.43888789,  1.13933499,  1.90622382,  4.69228005,
       10.01715432, 12.9126046 , 14.04192148, 14.22445061, 14.05499514,
       14.20513152, 14.3039264 , 14.14346976, 13.87716781, 14.0526442 ,
       13.39004546, 13.84726849, 14.22321117, 14.22503213, 14.20139009,
       13.85054022, 13.65764178, 13.90902754, 13.95663739, 13.62809643,
       14.03512027, 14.02633181, 13.82769903, 14.2432367 , 13.60554019]), 'B': array([ 1.        ,  1.15838711,  2.17346891,  5.56762725, 17.49864739,
       27.02803858, 12.23438808,  5.21321797,  4.01068013,  3.28621732,
        3.14045358,  3.06433095,  3.56607993,  3.32139664,  3.27404203,
        3.06606429,  3.11946037,  3.00495677,  3.29998743,  3.13194932,
        3.28939979,  3.58021874,  3.30008317,  3.22523476,  3.2160766 ,
        4.14001218,  3.20139487,  3.47290173,  3.40552888,  3.57538792]), 'A': array([1.        , 0.3132155 , 0.35336713, 1.01133684, 2.58896881,
       5.39271288, 7.28920537, 7.71884102, 7.77795838, 7.58242478,
       7.56304003, 7.63518656, 7.45326531, 7.38494696, 7.44870223,
       7.41746948, 7.42625634, 7.71874018, 7.5172369 , 7.31175582,
       7.57928607, 7.61422347, 7.38769816, 7.65829469, 7.60966615,
       7.76515114, 7.45387575, 7.5951145 , 7.46510524, 7.64055146])}
<pyabc.acceptor.acceptor.UniformAcceptor object at 0x2aaad2e61cf8>
<pyabc.distance.distance.PNormDistance object at 0x2aaad2e61ba8> 2
<pyabc.epsilon.epsilon.ListEpsilon object at 0x2aaad2e61828>
[<SimpleModel non_noisy_model>]
<pyabc.populationstrategy.ConstantPopulationSize object at 0x2aaad2e61f60> 2000
<pyabc.sampler.multicore_evaluation_parallel.MulticoreEvalParallelSampler object at 0x2aaad2e617f0> 48
[LocalTransition(k=250, k_fraction=None)]
sqlite:///MNN_250.db
Generations: 20
Minimum eps: 2.160
Application 40796041 resources: utime ~27692s, stime ~81s, Rss ~913048, inblocks ~759568, outblocks ~2032082
